{"C:\\Users\\Maffi\\Desktop\\RaktarWeb\\raktar-backend\\src\\app.controller.ts": {"path":"C:\\Users\\Maffi\\Desktop\\RaktarWeb\\raktar-backend\\src\\app.controller.ts","statementMap":{"0":{"start":{"line":2,"column":0},"end":{"line":2,"column":57}},"1":{"start":{"line":3,"column":0},"end":{"line":3,"column":43}},"2":{"start":{"line":6,"column":7},"end":{"line":8,"column":null}},"3":{"start":{"line":7,"column":31},"end":{"line":7,"column":43}},"4":{"start":{"line":6,"column":13},"end":{"line":6,"column":26}},"5":{"start":{"line":6,"column":13},"end":{"line":8,"column":null}}},"fnMap":{"0":{"name":"(anonymous_2)","decl":{"start":{"line":7,"column":2},"end":{"line":7,"column":31}},"loc":{"start":{"line":7,"column":53},"end":{"line":7,"column":57}}}},"branchMap":{"0":{"loc":{"start":{"line":7,"column":43},"end":{"line":7,"column":56}},"type":"cond-expr","locations":[{"start":{"line":7,"column":53},"end":{"line":7,"column":56}},{"start":{"line":7,"column":53},"end":{"line":7,"column":56}}]},"1":{"loc":{"start":{"line":7,"column":43},"end":{"line":7,"column":53}},"type":"binary-expr","locations":[{"start":{"line":7,"column":43},"end":{"line":7,"column":56}},{"start":{"line":7,"column":43},"end":{"line":7,"column":53}}]}},"s":{"0":0,"1":0,"2":0,"3":0,"4":0,"5":0},"f":{"0":0},"b":{"0":[0,0],"1":[0,0]}}
,"C:\\Users\\Maffi\\Desktop\\RaktarWeb\\raktar-backend\\src\\app.module.ts": {"path":"C:\\Users\\Maffi\\Desktop\\RaktarWeb\\raktar-backend\\src\\app.module.ts","statementMap":{"0":{"start":{"line":1,"column":0},"end":{"line":1,"column":40}},"1":{"start":{"line":2,"column":0},"end":{"line":2,"column":46}},"2":{"start":{"line":3,"column":0},"end":{"line":3,"column":50}},"3":{"start":{"line":4,"column":0},"end":{"line":4,"column":49}},"4":{"start":{"line":5,"column":0},"end":{"line":5,"column":43}},"5":{"start":{"line":6,"column":0},"end":{"line":6,"column":48}},"6":{"start":{"line":7,"column":0},"end":{"line":7,"column":48}},"7":{"start":{"line":8,"column":0},"end":{"line":8,"column":57}},"8":{"start":{"line":9,"column":0},"end":{"line":9,"column":51}},"9":{"start":{"line":10,"column":0},"end":{"line":10,"column":51}},"10":{"start":{"line":11,"column":0},"end":{"line":11,"column":72}},"11":{"start":{"line":12,"column":0},"end":{"line":12,"column":54}},"12":{"start":{"line":13,"column":0},"end":{"line":13,"column":62}},"13":{"start":{"line":14,"column":0},"end":{"line":14,"column":49}},"14":{"start":{"line":34,"column":7},"end":{"line":34,"column":null}},"15":{"start":{"line":34,"column":13},"end":{"line":34,"column":22}},"16":{"start":{"line":34,"column":13},"end":{"line":34,"column":null}}},"fnMap":{},"branchMap":{},"s":{"0":0,"1":0,"2":0,"3":0,"4":0,"5":0,"6":0,"7":0,"8":0,"9":0,"10":0,"11":0,"12":0,"13":0,"14":0,"15":0,"16":0},"f":{},"b":{}}
,"C:\\Users\\Maffi\\Desktop\\RaktarWeb\\raktar-backend\\src\\app.service.ts": {"path":"C:\\Users\\Maffi\\Desktop\\RaktarWeb\\raktar-backend\\src\\app.service.ts","statementMap":{"0":{"start":{"line":2,"column":0},"end":{"line":2,"column":44}},"1":{"start":{"line":3,"column":0},"end":{"line":3,"column":49}},"2":{"start":{"line":6,"column":7},"end":{"line":30,"column":null}},"3":{"start":{"line":7,"column":22},"end":{"line":7,"column":30}},"4":{"start":{"line":10,"column":18},"end":{"line":10,"column":28}},"5":{"start":{"line":11,"column":25},"end":{"line":11,"column":36}},"6":{"start":{"line":12,"column":20},"end":{"line":12,"column":21}},"7":{"start":{"line":14,"column":4},"end":{"line":19,"column":5}},"8":{"start":{"line":15,"column":6},"end":{"line":15,"column":44}},"9":{"start":{"line":16,"column":6},"end":{"line":16,"column":37}},"10":{"start":{"line":18,"column":6},"end":{"line":18,"column":38}},"11":{"start":{"line":21,"column":4},"end":{"line":28,"column":6}},"12":{"start":{"line":6,"column":13},"end":{"line":6,"column":23}},"13":{"start":{"line":6,"column":13},"end":{"line":30,"column":null}}},"fnMap":{"0":{"name":"(anonymous_2)","decl":{"start":{"line":7,"column":2},"end":{"line":7,"column":22}},"loc":{"start":{"line":7,"column":43},"end":{"line":7,"column":47}}},"1":{"name":"(anonymous_3)","decl":{"start":{"line":9,"column":2},"end":{"line":9,"column":7}},"loc":{"start":{"line":9,"column":23},"end":{"line":29,"column":3}}}},"branchMap":{"0":{"loc":{"start":{"line":22,"column":14},"end":{"line":22,"column":68}},"type":"cond-expr","locations":[{"start":{"line":22,"column":47},"end":{"line":22,"column":55}},{"start":{"line":22,"column":58},"end":{"line":22,"column":68}}]},"1":{"loc":{"start":{"line":7,"column":30},"end":{"line":7,"column":46}},"type":"cond-expr","locations":[{"start":{"line":7,"column":43},"end":{"line":7,"column":46}},{"start":{"line":7,"column":43},"end":{"line":7,"column":46}}]},"2":{"loc":{"start":{"line":7,"column":30},"end":{"line":7,"column":43}},"type":"binary-expr","locations":[{"start":{"line":7,"column":30},"end":{"line":7,"column":46}},{"start":{"line":7,"column":30},"end":{"line":7,"column":43}}]}},"s":{"0":0,"1":0,"2":0,"3":0,"4":0,"5":0,"6":0,"7":0,"8":0,"9":0,"10":0,"11":0,"12":0,"13":0},"f":{"0":0,"1":0},"b":{"0":[0,0],"1":[0,0],"2":[0,0]}}
,"C:\\Users\\Maffi\\Desktop\\RaktarWeb\\raktar-backend\\src\\main.ts": {"path":"C:\\Users\\Maffi\\Desktop\\RaktarWeb\\raktar-backend\\src\\main.ts","statementMap":{"0":{"start":{"line":1,"column":0},"end":{"line":1,"column":43}},"1":{"start":{"line":2,"column":0},"end":{"line":2,"column":41}},"2":{"start":{"line":4,"column":0},"end":{"line":4,"column":68}},"3":{"start":{"line":5,"column":0},"end":{"line":5,"column":28}},"4":{"start":{"line":6,"column":0},"end":{"line":6,"column":65}},"5":{"start":{"line":7,"column":0},"end":{"line":7,"column":68}},"6":{"start":{"line":10,"column":14},"end":{"line":10,"column":73}},"7":{"start":{"line":12,"column":2},"end":{"line":41,"column":5}},"8":{"start":{"line":14,"column":29},"end":{"line":24,"column":8}},"9":{"start":{"line":26,"column":6},"end":{"line":37,"column":7}},"10":{"start":{"line":29,"column":10},"end":{"line":31,"column":34}},"11":{"start":{"line":34,"column":8},"end":{"line":34,"column":29}},"12":{"start":{"line":36,"column":8},"end":{"line":36,"column":85}},"13":{"start":{"line":43,"column":2},"end":{"line":49,"column":4}},"14":{"start":{"line":51,"column":2},"end":{"line":51,"column":54}},"15":{"start":{"line":53,"column":2},"end":{"line":55,"column":5}},"16":{"start":{"line":57,"column":17},"end":{"line":71,"column":12}},"17":{"start":{"line":73,"column":19},"end":{"line":73,"column":60}},"18":{"start":{"line":74,"column":2},"end":{"line":74,"column":49}},"19":{"start":{"line":76,"column":15},"end":{"line":76,"column":39}},"20":{"start":{"line":77,"column":2},"end":{"line":77,"column":36}},"21":{"start":{"line":78,"column":2},"end":{"line":78,"column":57}},"22":{"start":{"line":80,"column":0},"end":{"line":80,"column":17}}},"fnMap":{"0":{"name":"bootstrap","decl":{"start":{"line":9,"column":15},"end":{"line":9,"column":24}},"loc":{"start":{"line":9,"column":24},"end":{"line":79,"column":1}}},"1":{"name":"(anonymous_1)","decl":{"start":{"line":13,"column":12},"end":{"line":13,"column":13}},"loc":{"start":{"line":13,"column":33},"end":{"line":38,"column":5}}},"2":{"name":"(anonymous_2)","decl":{"start":{"line":28,"column":28},"end":{"line":28,"column":29}},"loc":{"start":{"line":29,"column":10},"end":{"line":31,"column":34}}}},"branchMap":{"0":{"loc":{"start":{"line":26,"column":6},"end":{"line":37,"column":7}},"type":"if","locations":[{"start":{"line":26,"column":6},"end":{"line":37,"column":7}},{"start":{"line":35,"column":13},"end":{"line":37,"column":7}}]},"1":{"loc":{"start":{"line":27,"column":8},"end":{"line":31,"column":null}},"type":"binary-expr","locations":[{"start":{"line":27,"column":8},"end":{"line":27,"column":15}},{"start":{"line":28,"column":8},"end":{"line":31,"column":null}}]},"2":{"loc":{"start":{"line":29,"column":10},"end":{"line":31,"column":34}},"type":"cond-expr","locations":[{"start":{"line":30,"column":14},"end":{"line":30,"column":32}},{"start":{"line":31,"column":14},"end":{"line":31,"column":34}}]},"3":{"loc":{"start":{"line":76,"column":15},"end":{"line":76,"column":39}},"type":"binary-expr","locations":[{"start":{"line":76,"column":15},"end":{"line":76,"column":31}},{"start":{"line":76,"column":35},"end":{"line":76,"column":39}}]}},"s":{"0":0,"1":0,"2":0,"3":0,"4":0,"5":0,"6":0,"7":0,"8":0,"9":0,"10":0,"11":0,"12":0,"13":0,"14":0,"15":0,"16":0,"17":0,"18":0,"19":0,"20":0,"21":0,"22":0},"f":{"0":0,"1":0,"2":0},"b":{"0":[0,0],"1":[0,0],"2":[0,0],"3":[0,0]}}
,"C:\\Users\\Maffi\\Desktop\\RaktarWeb\\raktar-backend\\src\\prisma.service.ts": {"path":"C:\\Users\\Maffi\\Desktop\\RaktarWeb\\raktar-backend\\src\\prisma.service.ts","statementMap":{"0":{"start":{"line":2,"column":0},"end":{"line":2,"column":58}},"1":{"start":{"line":3,"column":0},"end":{"line":3,"column":46}},"2":{"start":{"line":4,"column":0},"end":{"line":4,"column":47}},"3":{"start":{"line":7,"column":7},"end":{"line":21,"column":null}},"4":{"start":{"line":9,"column":4},"end":{"line":15,"column":7}},"5":{"start":{"line":19,"column":4},"end":{"line":19,"column":26}},"6":{"start":{"line":7,"column":13},"end":{"line":7,"column":26}},"7":{"start":{"line":7,"column":13},"end":{"line":21,"column":null}}},"fnMap":{"0":{"name":"(anonymous_2)","decl":{"start":{"line":8,"column":2},"end":{"line":8,"column":14}},"loc":{"start":{"line":8,"column":42},"end":{"line":16,"column":3}}},"1":{"name":"(anonymous_3)","decl":{"start":{"line":18,"column":2},"end":{"line":18,"column":7}},"loc":{"start":{"line":18,"column":20},"end":{"line":20,"column":3}}}},"branchMap":{"0":{"loc":{"start":{"line":8,"column":29},"end":{"line":8,"column":null}},"type":"cond-expr","locations":[{"start":{"line":8,"column":42},"end":{"line":8,"column":null}},{"start":{"line":8,"column":42},"end":{"line":8,"column":null}}]},"1":{"loc":{"start":{"line":8,"column":29},"end":{"line":8,"column":42}},"type":"binary-expr","locations":[{"start":{"line":8,"column":29},"end":{"line":8,"column":null}},{"start":{"line":8,"column":29},"end":{"line":8,"column":42}}]}},"s":{"0":6,"1":6,"2":6,"3":6,"4":0,"5":0,"6":6,"7":6},"f":{"0":0,"1":0},"b":{"0":[6,0],"1":[6,6]}}
,"C:\\Users\\Maffi\\Desktop\\RaktarWeb\\raktar-backend\\src\\audit\\audit.controller.ts": {"path":"C:\\Users\\Maffi\\Desktop\\RaktarWeb\\raktar-backend\\src\\audit\\audit.controller.ts","statementMap":{"0":{"start":{"line":1,"column":0},"end":{"line":1,"column":null}},"1":{"start":{"line":11,"column":0},"end":{"line":11,"column":47}},"2":{"start":{"line":12,"column":0},"end":{"line":12,"column":59}},"3":{"start":{"line":13,"column":0},"end":{"line":13,"column":54}},"4":{"start":{"line":14,"column":0},"end":{"line":14,"column":49}},"5":{"start":{"line":15,"column":0},"end":{"line":15,"column":48}},"6":{"start":{"line":16,"column":0},"end":{"line":16,"column":38}},"7":{"start":{"line":17,"column":0},"end":{"line":17,"column":94}},"8":{"start":{"line":25,"column":7},"end":{"line":40,"column":null}},"9":{"start":{"line":26,"column":31},"end":{"line":26,"column":45}},"10":{"start":{"line":38,"column":4},"end":{"line":38,"column":52}},"11":{"start":{"line":25,"column":13},"end":{"line":25,"column":28}},"12":{"start":{"line":34,"column":8},"end":{"line":39,"column":null}},"13":{"start":{"line":25,"column":13},"end":{"line":40,"column":null}}},"fnMap":{"0":{"name":"(anonymous_4)","decl":{"start":{"line":26,"column":2},"end":{"line":26,"column":31}},"loc":{"start":{"line":26,"column":57},"end":{"line":26,"column":61}}},"1":{"name":"(anonymous_5)","decl":{"start":{"line":34,"column":8},"end":{"line":34,"column":15}},"loc":{"start":{"line":36,"column":35},"end":{"line":39,"column":3}}}},"branchMap":{"0":{"loc":{"start":{"line":36,"column":20},"end":{"line":36,"column":null}},"type":"cond-expr","locations":[{"start":{"line":36,"column":35},"end":{"line":36,"column":null}},{"start":{"line":36,"column":35},"end":{"line":36,"column":null}}]},"1":{"loc":{"start":{"line":36,"column":20},"end":{"line":36,"column":35}},"type":"binary-expr","locations":[{"start":{"line":36,"column":20},"end":{"line":36,"column":null}},{"start":{"line":36,"column":20},"end":{"line":36,"column":35}}]},"2":{"loc":{"start":{"line":26,"column":45},"end":{"line":26,"column":60}},"type":"cond-expr","locations":[{"start":{"line":26,"column":57},"end":{"line":26,"column":60}},{"start":{"line":26,"column":57},"end":{"line":26,"column":60}}]},"3":{"loc":{"start":{"line":26,"column":45},"end":{"line":26,"column":57}},"type":"binary-expr","locations":[{"start":{"line":26,"column":45},"end":{"line":26,"column":60}},{"start":{"line":26,"column":45},"end":{"line":26,"column":57}}]}},"s":{"0":0,"1":0,"2":0,"3":0,"4":0,"5":0,"6":0,"7":0,"8":0,"9":0,"10":0,"11":0,"12":0,"13":0},"f":{"0":0,"1":0},"b":{"0":[0,0],"1":[0,0],"2":[0,0],"3":[0,0]}}
,"C:\\Users\\Maffi\\Desktop\\RaktarWeb\\raktar-backend\\src\\audit\\audit.module.ts": {"path":"C:\\Users\\Maffi\\Desktop\\RaktarWeb\\raktar-backend\\src\\audit\\audit.module.ts","statementMap":{"0":{"start":{"line":2,"column":0},"end":{"line":2,"column":40}},"1":{"start":{"line":3,"column":0},"end":{"line":3,"column":47}},"2":{"start":{"line":4,"column":0},"end":{"line":4,"column":53}},"3":{"start":{"line":5,"column":0},"end":{"line":5,"column":50}},"4":{"start":{"line":12,"column":7},"end":{"line":12,"column":null}},"5":{"start":{"line":12,"column":13},"end":{"line":12,"column":24}},"6":{"start":{"line":12,"column":13},"end":{"line":12,"column":null}}},"fnMap":{},"branchMap":{},"s":{"0":0,"1":0,"2":0,"3":0,"4":0,"5":0,"6":0},"f":{},"b":{}}
,"C:\\Users\\Maffi\\Desktop\\RaktarWeb\\raktar-backend\\src\\audit\\audit.service.ts": {"path":"C:\\Users\\Maffi\\Desktop\\RaktarWeb\\raktar-backend\\src\\audit\\audit.service.ts","statementMap":{"0":{"start":{"line":2,"column":0},"end":{"line":2,"column":44}},"1":{"start":{"line":3,"column":0},"end":{"line":3,"column":50}},"2":{"start":{"line":8,"column":7},"end":{"line":83,"column":null}},"3":{"start":{"line":9,"column":22},"end":{"line":9,"column":30}},"4":{"start":{"line":12,"column":76},"end":{"line":12,"column":81}},"5":{"start":{"line":13,"column":45},"end":{"line":13,"column":47}},"6":{"start":{"line":15,"column":4},"end":{"line":19,"column":5}},"7":{"start":{"line":16,"column":6},"end":{"line":16,"column":28}},"8":{"start":{"line":17,"column":11},"end":{"line":19,"column":5}},"9":{"start":{"line":18,"column":6},"end":{"line":18,"column":42}},"10":{"start":{"line":21,"column":4},"end":{"line":23,"column":5}},"11":{"start":{"line":22,"column":6},"end":{"line":22,"column":30}},"12":{"start":{"line":25,"column":4},"end":{"line":27,"column":5}},"13":{"start":{"line":26,"column":6},"end":{"line":26,"column":42}},"14":{"start":{"line":29,"column":4},"end":{"line":42,"column":5}},"15":{"start":{"line":30,"column":6},"end":{"line":30,"column":25}},"16":{"start":{"line":31,"column":6},"end":{"line":34,"column":7}},"17":{"start":{"line":32,"column":22},"end":{"line":32,"column":41}},"18":{"start":{"line":33,"column":8},"end":{"line":33,"column":63}},"19":{"start":{"line":33,"column":37},"end":{"line":33,"column":63}},"20":{"start":{"line":35,"column":6},"end":{"line":41,"column":7}},"21":{"start":{"line":36,"column":20},"end":{"line":36,"column":37}},"22":{"start":{"line":37,"column":8},"end":{"line":40,"column":9}},"23":{"start":{"line":38,"column":10},"end":{"line":38,"column":40}},"24":{"start":{"line":39,"column":10},"end":{"line":39,"column":34}},"25":{"start":{"line":44,"column":4},"end":{"line":57,"column":7}},"26":{"start":{"line":68,"column":19},"end":{"line":68,"column":36}},"27":{"start":{"line":70,"column":22},"end":{"line":70,"column":76}},"28":{"start":{"line":71,"column":20},"end":{"line":71,"column":70}},"29":{"start":{"line":73,"column":4},"end":{"line":81,"column":7}},"30":{"start":{"line":8,"column":13},"end":{"line":8,"column":25}},"31":{"start":{"line":8,"column":13},"end":{"line":83,"column":null}}},"fnMap":{"0":{"name":"(anonymous_2)","decl":{"start":{"line":9,"column":2},"end":{"line":9,"column":22}},"loc":{"start":{"line":9,"column":43},"end":{"line":9,"column":47}}},"1":{"name":"(anonymous_3)","decl":{"start":{"line":11,"column":2},"end":{"line":11,"column":7}},"loc":{"start":{"line":11,"column":54},"end":{"line":58,"column":3}}},"2":{"name":"(anonymous_4)","decl":{"start":{"line":60,"column":2},"end":{"line":60,"column":7}},"loc":{"start":{"line":66,"column":33},"end":{"line":82,"column":3}}}},"branchMap":{"0":{"loc":{"start":{"line":15,"column":4},"end":{"line":19,"column":5}},"type":"if","locations":[{"start":{"line":15,"column":4},"end":{"line":19,"column":5}},{"start":{"line":17,"column":11},"end":{"line":19,"column":5}}]},"1":{"loc":{"start":{"line":17,"column":11},"end":{"line":19,"column":5}},"type":"if","locations":[{"start":{"line":17,"column":11},"end":{"line":19,"column":5}},{"start":{},"end":{}}]},"2":{"loc":{"start":{"line":21,"column":4},"end":{"line":23,"column":5}},"type":"if","locations":[{"start":{"line":21,"column":4},"end":{"line":23,"column":5}},{"start":{},"end":{}}]},"3":{"loc":{"start":{"line":25,"column":4},"end":{"line":27,"column":5}},"type":"if","locations":[{"start":{"line":25,"column":4},"end":{"line":27,"column":5}},{"start":{},"end":{}}]},"4":{"loc":{"start":{"line":29,"column":4},"end":{"line":42,"column":5}},"type":"if","locations":[{"start":{"line":29,"column":4},"end":{"line":42,"column":5}},{"start":{},"end":{}}]},"5":{"loc":{"start":{"line":29,"column":8},"end":{"line":29,"column":28}},"type":"binary-expr","locations":[{"start":{"line":29,"column":8},"end":{"line":29,"column":17}},{"start":{"line":29,"column":21},"end":{"line":29,"column":28}}]},"6":{"loc":{"start":{"line":31,"column":6},"end":{"line":34,"column":7}},"type":"if","locations":[{"start":{"line":31,"column":6},"end":{"line":34,"column":7}},{"start":{},"end":{}}]},"7":{"loc":{"start":{"line":33,"column":8},"end":{"line":33,"column":63}},"type":"if","locations":[{"start":{"line":33,"column":8},"end":{"line":33,"column":63}},{"start":{},"end":{}}]},"8":{"loc":{"start":{"line":35,"column":6},"end":{"line":41,"column":7}},"type":"if","locations":[{"start":{"line":35,"column":6},"end":{"line":41,"column":7}},{"start":{},"end":{}}]},"9":{"loc":{"start":{"line":37,"column":8},"end":{"line":40,"column":9}},"type":"if","locations":[{"start":{"line":37,"column":8},"end":{"line":40,"column":9}},{"start":{},"end":{}}]},"10":{"loc":{"start":{"line":68,"column":19},"end":{"line":68,"column":36}},"type":"binary-expr","locations":[{"start":{"line":68,"column":19},"end":{"line":68,"column":21}},{"start":{"line":68,"column":25},"end":{"line":68,"column":36}}]},"11":{"loc":{"start":{"line":70,"column":22},"end":{"line":70,"column":76}},"type":"cond-expr","locations":[{"start":{"line":70,"column":33},"end":{"line":70,"column":69}},{"start":{"line":70,"column":72},"end":{"line":70,"column":76}}]},"12":{"loc":{"start":{"line":71,"column":20},"end":{"line":71,"column":70}},"type":"cond-expr","locations":[{"start":{"line":71,"column":29},"end":{"line":71,"column":63}},{"start":{"line":71,"column":66},"end":{"line":71,"column":70}}]},"13":{"loc":{"start":{"line":77,"column":19},"end":{"line":77,"column":55}},"type":"cond-expr","locations":[{"start":{"line":77,"column":31},"end":{"line":77,"column":48}},{"start":{"line":77,"column":51},"end":{"line":77,"column":55}}]},"14":{"loc":{"start":{"line":9,"column":30},"end":{"line":9,"column":46}},"type":"cond-expr","locations":[{"start":{"line":9,"column":43},"end":{"line":9,"column":46}},{"start":{"line":9,"column":43},"end":{"line":9,"column":46}}]},"15":{"loc":{"start":{"line":9,"column":30},"end":{"line":9,"column":43}},"type":"binary-expr","locations":[{"start":{"line":9,"column":30},"end":{"line":9,"column":46}},{"start":{"line":9,"column":30},"end":{"line":9,"column":43}}]}},"s":{"0":2,"1":2,"2":2,"3":0,"4":0,"5":0,"6":0,"7":0,"8":0,"9":0,"10":0,"11":0,"12":0,"13":0,"14":0,"15":0,"16":0,"17":0,"18":0,"19":0,"20":0,"21":0,"22":0,"23":0,"24":0,"25":0,"26":0,"27":0,"28":0,"29":0,"30":2,"31":2},"f":{"0":0,"1":0,"2":0},"b":{"0":[0,0],"1":[0,0],"2":[0,0],"3":[0,0],"4":[0,0],"5":[0,0],"6":[0,0],"7":[0,0],"8":[0,0],"9":[0,0],"10":[0,0],"11":[0,0],"12":[0,0],"13":[0,0],"14":[2,0],"15":[2,2]}}
,"C:\\Users\\Maffi\\Desktop\\RaktarWeb\\raktar-backend\\src\\audit\\dto\\get-logs-query.dto.ts": {"path":"C:\\Users\\Maffi\\Desktop\\RaktarWeb\\raktar-backend\\src\\audit\\dto\\get-logs-query.dto.ts","statementMap":{"0":{"start":{"line":1,"column":0},"end":{"line":1,"column":null}},"1":{"start":{"line":8,"column":0},"end":{"line":8,"column":46}},"2":{"start":{"line":9,"column":0},"end":{"line":9,"column":54}},"3":{"start":{"line":11,"column":0},"end":{"line":11,"column":13}},"4":{"start":{"line":19,"column":2},"end":{"line":19,"column":null}},"5":{"start":{"line":15,"column":4},"end":{"line":15,"column":80}},"6":{"start":{"line":15,"column":63},"end":{"line":15,"column":80}},"7":{"start":{"line":16,"column":4},"end":{"line":16,"column":25}},"8":{"start":{"line":24,"column":2},"end":{"line":24,"column":null}},"9":{"start":{"line":33,"column":2},"end":{"line":33,"column":null}},"10":{"start":{"line":29,"column":4},"end":{"line":29,"column":80}},"11":{"start":{"line":29,"column":63},"end":{"line":29,"column":80}},"12":{"start":{"line":30,"column":4},"end":{"line":30,"column":25}},"13":{"start":{"line":39,"column":2},"end":{"line":39,"column":null}},"14":{"start":{"line":38,"column":29},"end":{"line":38,"column":61}},"15":{"start":{"line":45,"column":2},"end":{"line":45,"column":null}},"16":{"start":{"line":44,"column":29},"end":{"line":44,"column":61}},"17":{"start":{"line":55,"column":2},"end":{"line":55,"column":null}},"18":{"start":{"line":50,"column":4},"end":{"line":50,"column":56}},"19":{"start":{"line":50,"column":44},"end":{"line":50,"column":56}},"20":{"start":{"line":51,"column":4},"end":{"line":51,"column":59}},"21":{"start":{"line":51,"column":46},"end":{"line":51,"column":59}},"22":{"start":{"line":52,"column":4},"end":{"line":52,"column":21}}},"fnMap":{"0":{"name":"(anonymous_2)","decl":{"start":{"line":14,"column":13},"end":{"line":14,"column":14}},"loc":{"start":{"line":14,"column":27},"end":{"line":17,"column":3}}},"1":{"name":"(anonymous_3)","decl":{"start":{"line":28,"column":13},"end":{"line":28,"column":14}},"loc":{"start":{"line":28,"column":27},"end":{"line":31,"column":3}}},"2":{"name":"(anonymous_4)","decl":{"start":{"line":38,"column":13},"end":{"line":38,"column":14}},"loc":{"start":{"line":38,"column":29},"end":{"line":38,"column":61}}},"3":{"name":"(anonymous_5)","decl":{"start":{"line":44,"column":13},"end":{"line":44,"column":14}},"loc":{"start":{"line":44,"column":29},"end":{"line":44,"column":61}}},"4":{"name":"(anonymous_6)","decl":{"start":{"line":49,"column":13},"end":{"line":49,"column":14}},"loc":{"start":{"line":49,"column":27},"end":{"line":53,"column":3}}}},"branchMap":{"0":{"loc":{"start":{"line":15,"column":4},"end":{"line":15,"column":80}},"type":"if","locations":[{"start":{"line":15,"column":4},"end":{"line":15,"column":80}},{"start":{},"end":{}}]},"1":{"loc":{"start":{"line":15,"column":8},"end":{"line":15,"column":61}},"type":"binary-expr","locations":[{"start":{"line":15,"column":8},"end":{"line":15,"column":27}},{"start":{"line":15,"column":31},"end":{"line":15,"column":45}},{"start":{"line":15,"column":49},"end":{"line":15,"column":61}}]},"2":{"loc":{"start":{"line":29,"column":4},"end":{"line":29,"column":80}},"type":"if","locations":[{"start":{"line":29,"column":4},"end":{"line":29,"column":80}},{"start":{},"end":{}}]},"3":{"loc":{"start":{"line":29,"column":8},"end":{"line":29,"column":61}},"type":"binary-expr","locations":[{"start":{"line":29,"column":8},"end":{"line":29,"column":27}},{"start":{"line":29,"column":31},"end":{"line":29,"column":45}},{"start":{"line":29,"column":49},"end":{"line":29,"column":61}}]},"4":{"loc":{"start":{"line":38,"column":29},"end":{"line":38,"column":61}},"type":"cond-expr","locations":[{"start":{"line":38,"column":44},"end":{"line":38,"column":53}},{"start":{"line":38,"column":56},"end":{"line":38,"column":61}}]},"5":{"loc":{"start":{"line":44,"column":29},"end":{"line":44,"column":61}},"type":"cond-expr","locations":[{"start":{"line":44,"column":44},"end":{"line":44,"column":53}},{"start":{"line":44,"column":56},"end":{"line":44,"column":61}}]},"6":{"loc":{"start":{"line":50,"column":4},"end":{"line":50,"column":56}},"type":"if","locations":[{"start":{"line":50,"column":4},"end":{"line":50,"column":56}},{"start":{},"end":{}}]},"7":{"loc":{"start":{"line":50,"column":8},"end":{"line":50,"column":42}},"type":"binary-expr","locations":[{"start":{"line":50,"column":8},"end":{"line":50,"column":24}},{"start":{"line":50,"column":28},"end":{"line":50,"column":42}}]},"8":{"loc":{"start":{"line":51,"column":4},"end":{"line":51,"column":59}},"type":"if","locations":[{"start":{"line":51,"column":4},"end":{"line":51,"column":59}},{"start":{},"end":{}}]},"9":{"loc":{"start":{"line":51,"column":8},"end":{"line":51,"column":44}},"type":"binary-expr","locations":[{"start":{"line":51,"column":8},"end":{"line":51,"column":25}},{"start":{"line":51,"column":29},"end":{"line":51,"column":44}}]}},"s":{"0":0,"1":0,"2":0,"3":0,"4":0,"5":0,"6":0,"7":0,"8":0,"9":0,"10":0,"11":0,"12":0,"13":0,"14":0,"15":0,"16":0,"17":0,"18":0,"19":0,"20":0,"21":0,"22":0},"f":{"0":0,"1":0,"2":0,"3":0,"4":0},"b":{"0":[0,0],"1":[0,0,0],"2":[0,0],"3":[0,0,0],"4":[0,0],"5":[0,0],"6":[0,0],"7":[0,0],"8":[0,0],"9":[0,0]}}
,"C:\\Users\\Maffi\\Desktop\\RaktarWeb\\raktar-backend\\src\\auth\\auth.controller.ts": {"path":"C:\\Users\\Maffi\\Desktop\\RaktarWeb\\raktar-backend\\src\\auth\\auth.controller.ts","statementMap":{"0":{"start":{"line":2,"column":0},"end":{"line":2,"column":null}},"1":{"start":{"line":11,"column":0},"end":{"line":11,"column":45}},"2":{"start":{"line":12,"column":0},"end":{"line":12,"column":43}},"3":{"start":{"line":13,"column":0},"end":{"line":13,"column":62}},"4":{"start":{"line":14,"column":0},"end":{"line":14,"column":73}},"5":{"start":{"line":17,"column":7},"end":{"line":40,"column":null}},"6":{"start":{"line":18,"column":31},"end":{"line":18,"column":44}},"7":{"start":{"line":24,"column":4},"end":{"line":24,"column":44}},"8":{"start":{"line":30,"column":4},"end":{"line":30,"column":62}},"9":{"start":{"line":38,"column":4},"end":{"line":38,"column":72}},"10":{"start":{"line":17,"column":13},"end":{"line":17,"column":27}},"11":{"start":{"line":23,"column":8},"end":{"line":25,"column":null}},"12":{"start":{"line":29,"column":8},"end":{"line":31,"column":null}},"13":{"start":{"line":35,"column":8},"end":{"line":39,"column":null}},"14":{"start":{"line":17,"column":13},"end":{"line":40,"column":null}}},"fnMap":{"0":{"name":"(anonymous_4)","decl":{"start":{"line":18,"column":2},"end":{"line":18,"column":31}},"loc":{"start":{"line":18,"column":55},"end":{"line":18,"column":59}}},"1":{"name":"(anonymous_5)","decl":{"start":{"line":23,"column":8},"end":{"line":23,"column":13}},"loc":{"start":{"line":23,"column":40},"end":{"line":25,"column":3}}},"2":{"name":"(anonymous_6)","decl":{"start":{"line":29,"column":8},"end":{"line":29,"column":22}},"loc":{"start":{"line":29,"column":67},"end":{"line":31,"column":3}}},"3":{"name":"(anonymous_7)","decl":{"start":{"line":35,"column":8},"end":{"line":35,"column":27}},"loc":{"start":{"line":36,"column":58},"end":{"line":39,"column":3}}}},"branchMap":{"0":{"loc":{"start":{"line":23,"column":32},"end":{"line":23,"column":null}},"type":"cond-expr","locations":[{"start":{"line":23,"column":40},"end":{"line":23,"column":null}},{"start":{"line":23,"column":40},"end":{"line":23,"column":null}}]},"1":{"loc":{"start":{"line":23,"column":32},"end":{"line":23,"column":40}},"type":"binary-expr","locations":[{"start":{"line":23,"column":32},"end":{"line":23,"column":null}},{"start":{"line":23,"column":32},"end":{"line":23,"column":40}}]},"2":{"loc":{"start":{"line":29,"column":50},"end":{"line":29,"column":null}},"type":"cond-expr","locations":[{"start":{"line":29,"column":67},"end":{"line":29,"column":null}},{"start":{"line":29,"column":67},"end":{"line":29,"column":null}}]},"3":{"loc":{"start":{"line":29,"column":50},"end":{"line":29,"column":67}},"type":"binary-expr","locations":[{"start":{"line":29,"column":50},"end":{"line":29,"column":null}},{"start":{"line":29,"column":50},"end":{"line":29,"column":67}}]},"4":{"loc":{"start":{"line":36,"column":36},"end":{"line":36,"column":null}},"type":"cond-expr","locations":[{"start":{"line":36,"column":58},"end":{"line":36,"column":null}},{"start":{"line":36,"column":58},"end":{"line":36,"column":null}}]},"5":{"loc":{"start":{"line":36,"column":36},"end":{"line":36,"column":58}},"type":"binary-expr","locations":[{"start":{"line":36,"column":36},"end":{"line":36,"column":null}},{"start":{"line":36,"column":36},"end":{"line":36,"column":58}}]},"6":{"loc":{"start":{"line":18,"column":44},"end":{"line":18,"column":58}},"type":"cond-expr","locations":[{"start":{"line":18,"column":55},"end":{"line":18,"column":58}},{"start":{"line":18,"column":55},"end":{"line":18,"column":58}}]},"7":{"loc":{"start":{"line":18,"column":44},"end":{"line":18,"column":55}},"type":"binary-expr","locations":[{"start":{"line":18,"column":44},"end":{"line":18,"column":58}},{"start":{"line":18,"column":44},"end":{"line":18,"column":55}}]}},"s":{"0":1,"1":1,"2":1,"3":1,"4":1,"5":1,"6":0,"7":0,"8":0,"9":0,"10":1,"11":1,"12":1,"13":1,"14":1},"f":{"0":0,"1":0,"2":0,"3":0},"b":{"0":[1,0],"1":[1,1],"2":[1,0],"3":[1,1],"4":[1,0],"5":[1,1],"6":[1,0],"7":[1,1]}}
,"C:\\Users\\Maffi\\Desktop\\RaktarWeb\\raktar-backend\\src\\auth\\auth.module.ts": {"path":"C:\\Users\\Maffi\\Desktop\\RaktarWeb\\raktar-backend\\src\\auth\\auth.module.ts","statementMap":{"0":{"start":{"line":2,"column":0},"end":{"line":2,"column":40}},"1":{"start":{"line":3,"column":0},"end":{"line":3,"column":45}},"2":{"start":{"line":4,"column":0},"end":{"line":4,"column":51}},"3":{"start":{"line":5,"column":0},"end":{"line":5,"column":49}},"4":{"start":{"line":6,"column":0},"end":{"line":6,"column":40}},"5":{"start":{"line":7,"column":0},"end":{"line":7,"column":50}},"6":{"start":{"line":8,"column":0},"end":{"line":8,"column":45}},"7":{"start":{"line":9,"column":0},"end":{"line":9,"column":50}},"8":{"start":{"line":10,"column":0},"end":{"line":10,"column":55}},"9":{"start":{"line":26,"column":7},"end":{"line":26,"column":null}},"10":{"start":{"line":26,"column":13},"end":{"line":26,"column":23}},"11":{"start":{"line":26,"column":13},"end":{"line":26,"column":null}}},"fnMap":{},"branchMap":{"0":{"loc":{"start":{"line":19,"column":14},"end":{"line":19,"column":51}},"type":"binary-expr","locations":[{"start":{"line":19,"column":14},"end":{"line":19,"column":36}},{"start":{"line":19,"column":40},"end":{"line":19,"column":51}}]}},"s":{"0":0,"1":0,"2":0,"3":0,"4":0,"5":0,"6":0,"7":0,"8":0,"9":0,"10":0,"11":0},"f":{},"b":{"0":[0,0]}}
,"C:\\Users\\Maffi\\Desktop\\RaktarWeb\\raktar-backend\\src\\auth\\auth.service.ts": {"path":"C:\\Users\\Maffi\\Desktop\\RaktarWeb\\raktar-backend\\src\\auth\\auth.service.ts","statementMap":{"0":{"start":{"line":2,"column":0},"end":{"line":2,"column":null}},"1":{"start":{"line":7,"column":0},"end":{"line":7,"column":51}},"2":{"start":{"line":8,"column":0},"end":{"line":8,"column":33}},"3":{"start":{"line":9,"column":0},"end":{"line":9,"column":41}},"4":{"start":{"line":10,"column":0},"end":{"line":10,"column":50}},"5":{"start":{"line":11,"column":0},"end":{"line":11,"column":57}},"6":{"start":{"line":15,"column":0},"end":{"line":15,"column":75}},"7":{"start":{"line":18,"column":7},"end":{"line":159,"column":null}},"8":{"start":{"line":20,"column":12},"end":{"line":20,"column":25}},"9":{"start":{"line":21,"column":12},"end":{"line":21,"column":24}},"10":{"start":{"line":22,"column":12},"end":{"line":22,"column":20}},"11":{"start":{"line":23,"column":12},"end":{"line":23,"column":20}},"12":{"start":{"line":24,"column":12},"end":{"line":24,"column":33}},"13":{"start":{"line":28,"column":4},"end":{"line":28,"column":53}},"14":{"start":{"line":32,"column":17},"end":{"line":34,"column":6}},"15":{"start":{"line":36,"column":4},"end":{"line":38,"column":5}},"16":{"start":{"line":37,"column":6},"end":{"line":37,"column":75}},"17":{"start":{"line":40,"column":4},"end":{"line":44,"column":5}},"18":{"start":{"line":41,"column":6},"end":{"line":43,"column":8}},"19":{"start":{"line":46,"column":24},"end":{"line":49,"column":6}},"20":{"start":{"line":51,"column":20},"end":{"line":57,"column":6}},"21":{"start":{"line":60,"column":22},"end":{"line":60,"column":57}},"22":{"start":{"line":64,"column":4},"end":{"line":67,"column":7}},"23":{"start":{"line":69,"column":4},"end":{"line":83,"column":6}},"24":{"start":{"line":87,"column":17},"end":{"line":87,"column":74}},"25":{"start":{"line":88,"column":20},"end":{"line":90,"column":10}},"26":{"start":{"line":91,"column":23},"end":{"line":93,"column":10}},"27":{"start":{"line":95,"column":4},"end":{"line":97,"column":5}},"28":{"start":{"line":96,"column":6},"end":{"line":96,"column":73}},"29":{"start":{"line":99,"column":25},"end":{"line":99,"column":61}},"30":{"start":{"line":100,"column":23},"end":{"line":100,"column":58}},"31":{"start":{"line":102,"column":4},"end":{"line":109,"column":7}},"32":{"start":{"line":111,"column":4},"end":{"line":114,"column":6}},"33":{"start":{"line":116,"column":4},"end":{"line":119,"column":7}},"34":{"start":{"line":121,"column":4},"end":{"line":124,"column":6}},"35":{"start":{"line":128,"column":17},"end":{"line":128,"column":74}},"36":{"start":{"line":129,"column":4},"end":{"line":129,"column":77}},"37":{"start":{"line":129,"column":15},"end":{"line":129,"column":77}},"38":{"start":{"line":131,"column":20},"end":{"line":131,"column":75}},"39":{"start":{"line":132,"column":4},"end":{"line":133,"column":69}},"40":{"start":{"line":133,"column":6},"end":{"line":133,"column":69}},"41":{"start":{"line":135,"column":22},"end":{"line":135,"column":57}},"42":{"start":{"line":137,"column":4},"end":{"line":144,"column":7}},"43":{"start":{"line":146,"column":4},"end":{"line":150,"column":6}},"44":{"start":{"line":152,"column":4},"end":{"line":155,"column":7}},"45":{"start":{"line":157,"column":4},"end":{"line":157,"column":48}},"46":{"start":{"line":18,"column":13},"end":{"line":18,"column":24}},"47":{"start":{"line":18,"column":13},"end":{"line":159,"column":null}}},"fnMap":{"0":{"name":"(anonymous_11)","decl":{"start":{"line":19,"column":2},"end":{"line":19,"column":null}},"loc":{"start":{"line":24,"column":52},"end":{"line":25,"column":6}}},"1":{"name":"(anonymous_12)","decl":{"start":{"line":27,"column":10},"end":{"line":27,"column":23}},"loc":{"start":{"line":27,"column":47},"end":{"line":29,"column":3}}},"2":{"name":"(anonymous_13)","decl":{"start":{"line":31,"column":2},"end":{"line":31,"column":7}},"loc":{"start":{"line":31,"column":32},"end":{"line":84,"column":3}}},"3":{"name":"(anonymous_14)","decl":{"start":{"line":86,"column":2},"end":{"line":86,"column":7}},"loc":{"start":{"line":86,"column":45},"end":{"line":125,"column":3}}},"4":{"name":"(anonymous_15)","decl":{"start":{"line":127,"column":2},"end":{"line":127,"column":7}},"loc":{"start":{"line":127,"column":55},"end":{"line":158,"column":3}}}},"branchMap":{"0":{"loc":{"start":{"line":28,"column":39},"end":{"line":28,"column":49}},"type":"binary-expr","locations":[{"start":{"line":28,"column":39},"end":{"line":28,"column":43}},{"start":{"line":28,"column":47},"end":{"line":28,"column":49}}]},"1":{"loc":{"start":{"line":36,"column":4},"end":{"line":38,"column":5}},"type":"if","locations":[{"start":{"line":36,"column":4},"end":{"line":38,"column":5}},{"start":{},"end":{}}]},"2":{"loc":{"start":{"line":36,"column":8},"end":{"line":36,"column":70}},"type":"binary-expr","locations":[{"start":{"line":36,"column":8},"end":{"line":36,"column":13}},{"start":{"line":36,"column":17},"end":{"line":36,"column":70}}]},"3":{"loc":{"start":{"line":40,"column":4},"end":{"line":44,"column":5}},"type":"if","locations":[{"start":{"line":40,"column":4},"end":{"line":44,"column":5}},{"start":{},"end":{}}]},"4":{"loc":{"start":{"line":60,"column":22},"end":{"line":60,"column":57}},"type":"cond-expr","locations":[{"start":{"line":60,"column":44},"end":{"line":60,"column":49}},{"start":{"line":60,"column":52},"end":{"line":60,"column":57}}]},"5":{"loc":{"start":{"line":88,"column":20},"end":{"line":90,"column":10}},"type":"cond-expr","locations":[{"start":{"line":89,"column":8},"end":{"line":89,"column":44}},{"start":{"line":90,"column":8},"end":{"line":90,"column":10}}]},"6":{"loc":{"start":{"line":91,"column":23},"end":{"line":93,"column":10}},"type":"cond-expr","locations":[{"start":{"line":92,"column":8},"end":{"line":92,"column":43}},{"start":{"line":93,"column":8},"end":{"line":93,"column":10}}]},"7":{"loc":{"start":{"line":95,"column":4},"end":{"line":97,"column":5}},"type":"if","locations":[{"start":{"line":95,"column":4},"end":{"line":97,"column":5}},{"start":{},"end":{}}]},"8":{"loc":{"start":{"line":95,"column":8},"end":{"line":95,"column":67}},"type":"binary-expr","locations":[{"start":{"line":95,"column":8},"end":{"line":95,"column":13}},{"start":{"line":95,"column":17},"end":{"line":95,"column":41}},{"start":{"line":95,"column":45},"end":{"line":95,"column":67}}]},"9":{"loc":{"start":{"line":129,"column":4},"end":{"line":129,"column":77}},"type":"if","locations":[{"start":{"line":129,"column":4},"end":{"line":129,"column":77}},{"start":{},"end":{}}]},"10":{"loc":{"start":{"line":132,"column":4},"end":{"line":133,"column":69}},"type":"if","locations":[{"start":{"line":132,"column":4},"end":{"line":133,"column":69}},{"start":{},"end":{}}]},"11":{"loc":{"start":{"line":20,"column":25},"end":{"line":20,"column":null}},"type":"cond-expr","locations":[{"start":{"line":20,"column":36},"end":{"line":20,"column":null}},{"start":{"line":20,"column":36},"end":{"line":20,"column":null}}]},"12":{"loc":{"start":{"line":20,"column":25},"end":{"line":20,"column":36}},"type":"binary-expr","locations":[{"start":{"line":20,"column":25},"end":{"line":20,"column":null}},{"start":{"line":20,"column":25},"end":{"line":20,"column":36}}]},"13":{"loc":{"start":{"line":20,"column":36},"end":{"line":21,"column":null}},"type":"cond-expr","locations":[{"start":{"line":21,"column":34},"end":{"line":21,"column":null}},{"start":{"line":21,"column":34},"end":{"line":21,"column":null}}]},"14":{"loc":{"start":{"line":20,"column":36},"end":{"line":21,"column":34}},"type":"binary-expr","locations":[{"start":{"line":20,"column":36},"end":{"line":21,"column":null}},{"start":{"line":21,"column":24},"end":{"line":21,"column":34}}]},"15":{"loc":{"start":{"line":21,"column":34},"end":{"line":22,"column":null}},"type":"cond-expr","locations":[{"start":{"line":22,"column":33},"end":{"line":22,"column":null}},{"start":{"line":22,"column":33},"end":{"line":22,"column":null}}]},"16":{"loc":{"start":{"line":21,"column":34},"end":{"line":22,"column":33}},"type":"binary-expr","locations":[{"start":{"line":21,"column":34},"end":{"line":22,"column":null}},{"start":{"line":22,"column":20},"end":{"line":22,"column":33}}]},"17":{"loc":{"start":{"line":22,"column":33},"end":{"line":23,"column":null}},"type":"cond-expr","locations":[{"start":{"line":23,"column":33},"end":{"line":23,"column":null}},{"start":{"line":23,"column":33},"end":{"line":23,"column":null}}]},"18":{"loc":{"start":{"line":22,"column":33},"end":{"line":23,"column":33}},"type":"binary-expr","locations":[{"start":{"line":22,"column":33},"end":{"line":23,"column":null}},{"start":{"line":23,"column":20},"end":{"line":23,"column":33}}]},"19":{"loc":{"start":{"line":23,"column":33},"end":{"line":24,"column":null}},"type":"cond-expr","locations":[{"start":{"line":24,"column":52},"end":{"line":24,"column":null}},{"start":{"line":24,"column":52},"end":{"line":24,"column":null}}]},"20":{"loc":{"start":{"line":23,"column":33},"end":{"line":24,"column":52}},"type":"binary-expr","locations":[{"start":{"line":23,"column":33},"end":{"line":24,"column":null}},{"start":{"line":24,"column":33},"end":{"line":24,"column":52}}]}},"s":{"0":2,"1":2,"2":2,"3":2,"4":2,"5":2,"6":2,"7":2,"8":0,"9":0,"10":0,"11":0,"12":0,"13":0,"14":0,"15":0,"16":0,"17":0,"18":0,"19":0,"20":0,"21":0,"22":0,"23":0,"24":0,"25":0,"26":0,"27":0,"28":0,"29":0,"30":0,"31":0,"32":0,"33":0,"34":0,"35":0,"36":0,"37":0,"38":0,"39":0,"40":0,"41":0,"42":0,"43":0,"44":0,"45":0,"46":2,"47":2},"f":{"0":0,"1":0,"2":0,"3":0,"4":0},"b":{"0":[0,0],"1":[0,0],"2":[0,0],"3":[0,0],"4":[0,0],"5":[0,0],"6":[0,0],"7":[0,0],"8":[0,0,0],"9":[0,0],"10":[0,0],"11":[2,0],"12":[2,2],"13":[2,0],"14":[2,2],"15":[2,0],"16":[2,2],"17":[2,0],"18":[2,2],"19":[2,0],"20":[2,2]}}
,"C:\\Users\\Maffi\\Desktop\\RaktarWeb\\raktar-backend\\src\\auth\\jwt-auth.guard.ts": {"path":"C:\\Users\\Maffi\\Desktop\\RaktarWeb\\raktar-backend\\src\\auth\\jwt-auth.guard.ts","statementMap":{"0":{"start":{"line":2,"column":0},"end":{"line":2,"column":null}},"1":{"start":{"line":7,"column":0},"end":{"line":7,"column":41}},"2":{"start":{"line":8,"column":0},"end":{"line":8,"column":45}},"3":{"start":{"line":9,"column":0},"end":{"line":9,"column":56}},"4":{"start":{"line":12,"column":7},"end":{"line":46,"column":null}},"5":{"start":{"line":14,"column":4},"end":{"line":14,"column":12}},"6":{"start":{"line":13,"column":22},"end":{"line":13,"column":33}},"7":{"start":{"line":18,"column":21},"end":{"line":21,"column":6}},"8":{"start":{"line":23,"column":4},"end":{"line":25,"column":5}},"9":{"start":{"line":24,"column":6},"end":{"line":24,"column":18}},"10":{"start":{"line":27,"column":24},"end":{"line":27,"column":56}},"11":{"start":{"line":28,"column":4},"end":{"line":30,"column":5}},"12":{"start":{"line":29,"column":6},"end":{"line":29,"column":19}},"13":{"start":{"line":32,"column":20},"end":{"line":32,"column":55}},"14":{"start":{"line":33,"column":17},"end":{"line":33,"column":29}},"15":{"start":{"line":35,"column":34},"end":{"line":35,"column":79}},"16":{"start":{"line":37,"column":4},"end":{"line":42,"column":5}},"17":{"start":{"line":38,"column":6},"end":{"line":41,"column":9}},"18":{"start":{"line":44,"column":4},"end":{"line":44,"column":16}},"19":{"start":{"line":12,"column":13},"end":{"line":12,"column":25}},"20":{"start":{"line":12,"column":13},"end":{"line":46,"column":null}}},"fnMap":{"0":{"name":"(anonymous_2)","decl":{"start":{"line":13,"column":2},"end":{"line":13,"column":22}},"loc":{"start":{"line":13,"column":42},"end":{"line":15,"column":3}}},"1":{"name":"(anonymous_3)","decl":{"start":{"line":17,"column":2},"end":{"line":17,"column":7}},"loc":{"start":{"line":17,"column":45},"end":{"line":45,"column":3}}}},"branchMap":{"0":{"loc":{"start":{"line":23,"column":4},"end":{"line":25,"column":5}},"type":"if","locations":[{"start":{"line":23,"column":4},"end":{"line":25,"column":5}},{"start":{},"end":{}}]},"1":{"loc":{"start":{"line":28,"column":4},"end":{"line":30,"column":5}},"type":"if","locations":[{"start":{"line":28,"column":4},"end":{"line":30,"column":5}},{"start":{},"end":{}}]},"2":{"loc":{"start":{"line":37,"column":4},"end":{"line":42,"column":5}},"type":"if","locations":[{"start":{"line":37,"column":4},"end":{"line":42,"column":5}},{"start":{},"end":{}}]},"3":{"loc":{"start":{"line":37,"column":8},"end":{"line":37,"column":58}},"type":"binary-expr","locations":[{"start":{"line":37,"column":8},"end":{"line":37,"column":32}},{"start":{"line":37,"column":36},"end":{"line":37,"column":58}}]},"4":{"loc":{"start":{"line":13,"column":33},"end":{"line":13,"column":null}},"type":"cond-expr","locations":[{"start":{"line":13,"column":42},"end":{"line":13,"column":null}},{"start":{"line":13,"column":42},"end":{"line":13,"column":null}}]},"5":{"loc":{"start":{"line":13,"column":33},"end":{"line":13,"column":42}},"type":"binary-expr","locations":[{"start":{"line":13,"column":33},"end":{"line":13,"column":null}},{"start":{"line":13,"column":33},"end":{"line":13,"column":42}}]}},"s":{"0":1,"1":1,"2":1,"3":1,"4":1,"5":0,"6":0,"7":0,"8":0,"9":0,"10":0,"11":0,"12":0,"13":0,"14":0,"15":0,"16":0,"17":0,"18":0,"19":1,"20":1},"f":{"0":0,"1":0},"b":{"0":[0,0],"1":[0,0],"2":[0,0],"3":[0,0],"4":[1,0],"5":[1,1]}}
,"C:\\Users\\Maffi\\Desktop\\RaktarWeb\\raktar-backend\\src\\auth\\jwt.strategy.ts": {"path":"C:\\Users\\Maffi\\Desktop\\RaktarWeb\\raktar-backend\\src\\auth\\jwt.strategy.ts","statementMap":{"0":{"start":{"line":2,"column":0},"end":{"line":2,"column":52}},"1":{"start":{"line":3,"column":0},"end":{"line":3,"column":52}},"2":{"start":{"line":4,"column":0},"end":{"line":4,"column":67}},"3":{"start":{"line":5,"column":0},"end":{"line":5,"column":50}},"4":{"start":{"line":8,"column":7},"end":{"line":49,"column":null}},"5":{"start":{"line":10,"column":4},"end":{"line":14,"column":7}},"6":{"start":{"line":9,"column":22},"end":{"line":9,"column":30}},"7":{"start":{"line":18,"column":17},"end":{"line":28,"column":6}},"8":{"start":{"line":30,"column":4},"end":{"line":34,"column":5}},"9":{"start":{"line":31,"column":6},"end":{"line":33,"column":8}},"10":{"start":{"line":36,"column":4},"end":{"line":40,"column":5}},"11":{"start":{"line":37,"column":6},"end":{"line":39,"column":8}},"12":{"start":{"line":42,"column":4},"end":{"line":47,"column":6}},"13":{"start":{"line":8,"column":13},"end":{"line":8,"column":24}},"14":{"start":{"line":8,"column":13},"end":{"line":49,"column":null}}},"fnMap":{"0":{"name":"(anonymous_2)","decl":{"start":{"line":9,"column":2},"end":{"line":9,"column":22}},"loc":{"start":{"line":9,"column":43},"end":{"line":15,"column":3}}},"1":{"name":"(anonymous_3)","decl":{"start":{"line":17,"column":2},"end":{"line":17,"column":7}},"loc":{"start":{"line":17,"column":29},"end":{"line":48,"column":3}}}},"branchMap":{"0":{"loc":{"start":{"line":13,"column":19},"end":{"line":13,"column":56}},"type":"binary-expr","locations":[{"start":{"line":13,"column":19},"end":{"line":13,"column":41}},{"start":{"line":13,"column":45},"end":{"line":13,"column":56}}]},"1":{"loc":{"start":{"line":30,"column":4},"end":{"line":34,"column":5}},"type":"if","locations":[{"start":{"line":30,"column":4},"end":{"line":34,"column":5}},{"start":{},"end":{}}]},"2":{"loc":{"start":{"line":30,"column":8},"end":{"line":30,"column":30}},"type":"binary-expr","locations":[{"start":{"line":30,"column":8},"end":{"line":30,"column":13}},{"start":{"line":30,"column":17},"end":{"line":30,"column":30}}]},"3":{"loc":{"start":{"line":36,"column":4},"end":{"line":40,"column":5}},"type":"if","locations":[{"start":{"line":36,"column":4},"end":{"line":40,"column":5}},{"start":{},"end":{}}]},"4":{"loc":{"start":{"line":9,"column":30},"end":{"line":9,"column":null}},"type":"cond-expr","locations":[{"start":{"line":9,"column":43},"end":{"line":9,"column":null}},{"start":{"line":9,"column":43},"end":{"line":9,"column":null}}]},"5":{"loc":{"start":{"line":9,"column":30},"end":{"line":9,"column":43}},"type":"binary-expr","locations":[{"start":{"line":9,"column":30},"end":{"line":9,"column":null}},{"start":{"line":9,"column":30},"end":{"line":9,"column":43}}]}},"s":{"0":0,"1":0,"2":0,"3":0,"4":0,"5":0,"6":0,"7":0,"8":0,"9":0,"10":0,"11":0,"12":0,"13":0,"14":0},"f":{"0":0,"1":0},"b":{"0":[0,0],"1":[0,0],"2":[0,0],"3":[0,0],"4":[0,0],"5":[0,0]}}
,"C:\\Users\\Maffi\\Desktop\\RaktarWeb\\raktar-backend\\src\\auth\\roles.decorator.ts": {"path":"C:\\Users\\Maffi\\Desktop\\RaktarWeb\\raktar-backend\\src\\auth\\roles.decorator.ts","statementMap":{"0":{"start":{"line":2,"column":0},"end":{"line":2,"column":45}},"1":{"start":{"line":5,"column":13},"end":{"line":5,"column":33}},"2":{"start":{"line":6,"column":21},"end":{"line":6,"column":72}},"3":{"start":{"line":6,"column":43},"end":{"line":6,"column":72}},"4":{"start":{"line":6,"column":13},"end":{"line":6,"column":21}}},"fnMap":{"0":{"name":"(anonymous_0)","decl":{"start":{"line":6,"column":21},"end":{"line":6,"column":22}},"loc":{"start":{"line":6,"column":43},"end":{"line":6,"column":72}}}},"branchMap":{},"s":{"0":1,"1":1,"2":1,"3":4,"4":1},"f":{"0":4},"b":{}}
,"C:\\Users\\Maffi\\Desktop\\RaktarWeb\\raktar-backend\\src\\auth\\roles.guard.ts": {"path":"C:\\Users\\Maffi\\Desktop\\RaktarWeb\\raktar-backend\\src\\auth\\roles.guard.ts","statementMap":{"0":{"start":{"line":2,"column":0},"end":{"line":2,"column":null}},"1":{"start":{"line":8,"column":0},"end":{"line":8,"column":41}},"2":{"start":{"line":10,"column":0},"end":{"line":10,"column":46}},"3":{"start":{"line":13,"column":7},"end":{"line":38,"column":null}},"4":{"start":{"line":14,"column":22},"end":{"line":14,"column":33}},"5":{"start":{"line":17,"column":26},"end":{"line":20,"column":6}},"6":{"start":{"line":22,"column":4},"end":{"line":24,"column":5}},"7":{"start":{"line":23,"column":6},"end":{"line":23,"column":18}},"8":{"start":{"line":26,"column":21},"end":{"line":26,"column":56}},"9":{"start":{"line":28,"column":20},"end":{"line":28,"column":69}},"10":{"start":{"line":28,"column":49},"end":{"line":28,"column":68}},"11":{"start":{"line":30,"column":4},"end":{"line":34,"column":5}},"12":{"start":{"line":31,"column":6},"end":{"line":33,"column":8}},"13":{"start":{"line":36,"column":4},"end":{"line":36,"column":19}},"14":{"start":{"line":13,"column":13},"end":{"line":13,"column":23}},"15":{"start":{"line":13,"column":13},"end":{"line":38,"column":null}}},"fnMap":{"0":{"name":"(anonymous_2)","decl":{"start":{"line":14,"column":2},"end":{"line":14,"column":22}},"loc":{"start":{"line":14,"column":42},"end":{"line":14,"column":46}}},"1":{"name":"(anonymous_3)","decl":{"start":{"line":16,"column":2},"end":{"line":16,"column":13}},"loc":{"start":{"line":16,"column":39},"end":{"line":37,"column":3}}},"2":{"name":"(anonymous_4)","decl":{"start":{"line":28,"column":39},"end":{"line":28,"column":40}},"loc":{"start":{"line":28,"column":49},"end":{"line":28,"column":68}}}},"branchMap":{"0":{"loc":{"start":{"line":22,"column":4},"end":{"line":24,"column":5}},"type":"if","locations":[{"start":{"line":22,"column":4},"end":{"line":24,"column":5}},{"start":{},"end":{}}]},"1":{"loc":{"start":{"line":30,"column":4},"end":{"line":34,"column":5}},"type":"if","locations":[{"start":{"line":30,"column":4},"end":{"line":34,"column":5}},{"start":{},"end":{}}]},"2":{"loc":{"start":{"line":14,"column":33},"end":{"line":14,"column":45}},"type":"cond-expr","locations":[{"start":{"line":14,"column":42},"end":{"line":14,"column":45}},{"start":{"line":14,"column":42},"end":{"line":14,"column":45}}]},"3":{"loc":{"start":{"line":14,"column":33},"end":{"line":14,"column":42}},"type":"binary-expr","locations":[{"start":{"line":14,"column":33},"end":{"line":14,"column":45}},{"start":{"line":14,"column":33},"end":{"line":14,"column":42}}]}},"s":{"0":1,"1":1,"2":1,"3":1,"4":0,"5":0,"6":0,"7":0,"8":0,"9":0,"10":0,"11":0,"12":0,"13":0,"14":1,"15":1},"f":{"0":0,"1":0,"2":0},"b":{"0":[0,0],"1":[0,0],"2":[1,0],"3":[1,1]}}
,"C:\\Users\\Maffi\\Desktop\\RaktarWeb\\raktar-backend\\src\\auth\\dto\\force-change-password.dto.ts": {"path":"C:\\Users\\Maffi\\Desktop\\RaktarWeb\\raktar-backend\\src\\auth\\dto\\force-change-password.dto.ts","statementMap":{"0":{"start":{"line":1,"column":0},"end":{"line":1,"column":66}},"1":{"start":{"line":2,"column":0},"end":{"line":2,"column":46}},"2":{"start":{"line":4,"column":0},"end":{"line":4,"column":13}},"3":{"start":{"line":8,"column":2},"end":{"line":8,"column":null}},"4":{"start":{"line":13,"column":2},"end":{"line":13,"column":null}},"5":{"start":{"line":20,"column":2},"end":{"line":20,"column":null}}},"fnMap":{},"branchMap":{},"s":{"0":1,"1":1,"2":1,"3":1,"4":1,"5":1},"f":{},"b":{}}
,"C:\\Users\\Maffi\\Desktop\\RaktarWeb\\raktar-backend\\src\\auth\\dto\\forgot-password.dto.ts": {"path":"C:\\Users\\Maffi\\Desktop\\RaktarWeb\\raktar-backend\\src\\auth\\dto\\forgot-password.dto.ts","statementMap":{"0":{"start":{"line":1,"column":0},"end":{"line":1,"column":64}},"1":{"start":{"line":2,"column":0},"end":{"line":2,"column":46}},"2":{"start":{"line":4,"column":0},"end":{"line":4,"column":13}},"3":{"start":{"line":8,"column":2},"end":{"line":8,"column":null}},"4":{"start":{"line":13,"column":2},"end":{"line":13,"column":null}},"5":{"start":{"line":18,"column":2},"end":{"line":18,"column":null}}},"fnMap":{},"branchMap":{},"s":{"0":1,"1":1,"2":1,"3":1,"4":1,"5":1},"f":{},"b":{}}
,"C:\\Users\\Maffi\\Desktop\\RaktarWeb\\raktar-backend\\src\\auth\\dto\\login.dto.ts": {"path":"C:\\Users\\Maffi\\Desktop\\RaktarWeb\\raktar-backend\\src\\auth\\dto\\login.dto.ts","statementMap":{"0":{"start":{"line":1,"column":0},"end":{"line":1,"column":89}},"1":{"start":{"line":2,"column":0},"end":{"line":2,"column":46}},"2":{"start":{"line":4,"column":0},"end":{"line":4,"column":13}},"3":{"start":{"line":8,"column":2},"end":{"line":8,"column":null}},"4":{"start":{"line":14,"column":2},"end":{"line":14,"column":null}},"5":{"start":{"line":19,"column":2},"end":{"line":19,"column":null}}},"fnMap":{},"branchMap":{},"s":{"0":1,"1":1,"2":1,"3":1,"4":1,"5":1},"f":{},"b":{}}
,"C:\\Users\\Maffi\\Desktop\\RaktarWeb\\raktar-backend\\src\\batch\\batch.controller.ts": {"path":"C:\\Users\\Maffi\\Desktop\\RaktarWeb\\raktar-backend\\src\\batch\\batch.controller.ts","statementMap":{"0":{"start":{"line":1,"column":0},"end":{"line":1,"column":null}},"1":{"start":{"line":15,"column":0},"end":{"line":15,"column":47}},"2":{"start":{"line":16,"column":0},"end":{"line":16,"column":56}},"3":{"start":{"line":17,"column":0},"end":{"line":17,"column":56}},"4":{"start":{"line":18,"column":0},"end":{"line":18,"column":54}},"5":{"start":{"line":19,"column":0},"end":{"line":19,"column":49}},"6":{"start":{"line":20,"column":0},"end":{"line":20,"column":48}},"7":{"start":{"line":21,"column":0},"end":{"line":21,"column":38}},"8":{"start":{"line":22,"column":0},"end":{"line":22,"column":103}},"9":{"start":{"line":30,"column":7},"end":{"line":141,"column":null}},"10":{"start":{"line":31,"column":31},"end":{"line":31,"column":45}},"11":{"start":{"line":34,"column":24},"end":{"line":34,"column":69}},"12":{"start":{"line":35,"column":4},"end":{"line":35,"column":48}},"13":{"start":{"line":35,"column":29},"end":{"line":35,"column":48}},"14":{"start":{"line":37,"column":24},"end":{"line":37,"column":73}},"15":{"start":{"line":38,"column":26},"end":{"line":38,"column":51}},"16":{"start":{"line":40,"column":4},"end":{"line":44,"column":5}},"17":{"start":{"line":41,"column":6},"end":{"line":43,"column":8}},"18":{"start":{"line":45,"column":4},"end":{"line":45,"column":25}},"19":{"start":{"line":53,"column":4},"end":{"line":53,"column":47}},"20":{"start":{"line":68,"column":25},"end":{"line":68,"column":64}},"21":{"start":{"line":69,"column":4},"end":{"line":69,"column":82}},"22":{"start":{"line":83,"column":4},"end":{"line":83,"column":77}},"23":{"start":{"line":92,"column":4},"end":{"line":92,"column":72}},"24":{"start":{"line":105,"column":4},"end":{"line":108,"column":6}},"25":{"start":{"line":122,"column":4},"end":{"line":126,"column":6}},"26":{"start":{"line":139,"column":4},"end":{"line":139,"column":69}},"27":{"start":{"line":30,"column":13},"end":{"line":30,"column":28}},"28":{"start":{"line":52,"column":2},"end":{"line":54,"column":null}},"29":{"start":{"line":63,"column":2},"end":{"line":70,"column":null}},"30":{"start":{"line":78,"column":2},"end":{"line":84,"column":null}},"31":{"start":{"line":91,"column":2},"end":{"line":93,"column":null}},"32":{"start":{"line":100,"column":2},"end":{"line":109,"column":null}},"33":{"start":{"line":116,"column":2},"end":{"line":127,"column":null}},"34":{"start":{"line":134,"column":2},"end":{"line":140,"column":null}},"35":{"start":{"line":30,"column":13},"end":{"line":141,"column":null}}},"fnMap":{"0":{"name":"(anonymous_4)","decl":{"start":{"line":31,"column":2},"end":{"line":31,"column":31}},"loc":{"start":{"line":31,"column":57},"end":{"line":31,"column":61}}},"1":{"name":"(anonymous_5)","decl":{"start":{"line":33,"column":10},"end":{"line":33,"column":19}},"loc":{"start":{"line":33,"column":50},"end":{"line":46,"column":3}}},"2":{"name":"(anonymous_6)","decl":{"start":{"line":52,"column":2},"end":{"line":52,"column":17}},"loc":{"start":{"line":52,"column":17},"end":{"line":54,"column":3}}},"3":{"name":"(anonymous_7)","decl":{"start":{"line":63,"column":2},"end":{"line":63,"column":18}},"loc":{"start":{"line":66,"column":36},"end":{"line":70,"column":3}}},"4":{"name":"(anonymous_8)","decl":{"start":{"line":78,"column":2},"end":{"line":78,"column":12}},"loc":{"start":{"line":81,"column":36},"end":{"line":84,"column":3}}},"5":{"name":"(anonymous_9)","decl":{"start":{"line":91,"column":2},"end":{"line":91,"column":15}},"loc":{"start":{"line":91,"column":64},"end":{"line":93,"column":3}}},"6":{"name":"(anonymous_10)","decl":{"start":{"line":100,"column":2},"end":{"line":100,"column":8}},"loc":{"start":{"line":103,"column":36},"end":{"line":109,"column":3}}},"7":{"name":"(anonymous_11)","decl":{"start":{"line":116,"column":2},"end":{"line":116,"column":8}},"loc":{"start":{"line":120,"column":36},"end":{"line":127,"column":3}}},"8":{"name":"(anonymous_12)","decl":{"start":{"line":134,"column":2},"end":{"line":134,"column":8}},"loc":{"start":{"line":137,"column":36},"end":{"line":140,"column":3}}}},"branchMap":{"0":{"loc":{"start":{"line":34,"column":24},"end":{"line":34,"column":69}},"type":"cond-expr","locations":[{"start":{"line":34,"column":38},"end":{"line":34,"column":63}},{"start":{"line":34,"column":66},"end":{"line":34,"column":69}}]},"1":{"loc":{"start":{"line":35,"column":4},"end":{"line":35,"column":48}},"type":"if","locations":[{"start":{"line":35,"column":4},"end":{"line":35,"column":48}},{"start":{},"end":{}}]},"2":{"loc":{"start":{"line":37,"column":24},"end":{"line":37,"column":73}},"type":"binary-expr","locations":[{"start":{"line":37,"column":24},"end":{"line":37,"column":36}},{"start":{"line":37,"column":40},"end":{"line":37,"column":56}},{"start":{"line":37,"column":60},"end":{"line":37,"column":73}}]},"3":{"loc":{"start":{"line":40,"column":4},"end":{"line":44,"column":5}},"type":"if","locations":[{"start":{"line":40,"column":4},"end":{"line":44,"column":5}},{"start":{},"end":{}}]},"4":{"loc":{"start":{"line":68,"column":25},"end":{"line":68,"column":64}},"type":"cond-expr","locations":[{"start":{"line":68,"column":34},"end":{"line":68,"column":52}},{"start":{"line":68,"column":55},"end":{"line":68,"column":64}}]},"5":{"loc":{"start":{"line":101,"column":28},"end":{"line":101,"column":null}},"type":"cond-expr","locations":[{"start":{"line":101,"column":42},"end":{"line":101,"column":null}},{"start":{"line":101,"column":42},"end":{"line":101,"column":null}}]},"6":{"loc":{"start":{"line":101,"column":28},"end":{"line":101,"column":42}},"type":"binary-expr","locations":[{"start":{"line":101,"column":28},"end":{"line":101,"column":null}},{"start":{"line":101,"column":28},"end":{"line":101,"column":42}}]},"7":{"loc":{"start":{"line":118,"column":28},"end":{"line":118,"column":null}},"type":"cond-expr","locations":[{"start":{"line":118,"column":42},"end":{"line":118,"column":null}},{"start":{"line":118,"column":42},"end":{"line":118,"column":null}}]},"8":{"loc":{"start":{"line":118,"column":28},"end":{"line":118,"column":42}},"type":"binary-expr","locations":[{"start":{"line":118,"column":28},"end":{"line":118,"column":null}},{"start":{"line":118,"column":28},"end":{"line":118,"column":42}}]},"9":{"loc":{"start":{"line":31,"column":45},"end":{"line":31,"column":60}},"type":"cond-expr","locations":[{"start":{"line":31,"column":57},"end":{"line":31,"column":60}},{"start":{"line":31,"column":57},"end":{"line":31,"column":60}}]},"10":{"loc":{"start":{"line":31,"column":45},"end":{"line":31,"column":57}},"type":"binary-expr","locations":[{"start":{"line":31,"column":45},"end":{"line":31,"column":60}},{"start":{"line":31,"column":45},"end":{"line":31,"column":57}}]}},"s":{"0":0,"1":0,"2":0,"3":0,"4":0,"5":0,"6":0,"7":0,"8":0,"9":0,"10":0,"11":0,"12":0,"13":0,"14":0,"15":0,"16":0,"17":0,"18":0,"19":0,"20":0,"21":0,"22":0,"23":0,"24":0,"25":0,"26":0,"27":0,"28":0,"29":0,"30":0,"31":0,"32":0,"33":0,"34":0,"35":0},"f":{"0":0,"1":0,"2":0,"3":0,"4":0,"5":0,"6":0,"7":0,"8":0},"b":{"0":[0,0],"1":[0,0],"2":[0,0,0],"3":[0,0],"4":[0,0],"5":[0,0],"6":[0,0],"7":[0,0],"8":[0,0],"9":[0,0],"10":[0,0]}}
,"C:\\Users\\Maffi\\Desktop\\RaktarWeb\\raktar-backend\\src\\batch\\batch.module.ts": {"path":"C:\\Users\\Maffi\\Desktop\\RaktarWeb\\raktar-backend\\src\\batch\\batch.module.ts","statementMap":{"0":{"start":{"line":2,"column":0},"end":{"line":2,"column":40}},"1":{"start":{"line":3,"column":0},"end":{"line":3,"column":47}},"2":{"start":{"line":4,"column":0},"end":{"line":4,"column":53}},"3":{"start":{"line":5,"column":0},"end":{"line":5,"column":50}},"4":{"start":{"line":6,"column":0},"end":{"line":6,"column":52}},"5":{"start":{"line":7,"column":0},"end":{"line":7,"column":73}},"6":{"start":{"line":15,"column":7},"end":{"line":15,"column":null}},"7":{"start":{"line":15,"column":13},"end":{"line":15,"column":24}},"8":{"start":{"line":15,"column":13},"end":{"line":15,"column":null}}},"fnMap":{},"branchMap":{},"s":{"0":0,"1":0,"2":0,"3":0,"4":0,"5":0,"6":0,"7":0,"8":0},"f":{},"b":{}}
,"C:\\Users\\Maffi\\Desktop\\RaktarWeb\\raktar-backend\\src\\batch\\batch.service.ts": {"path":"C:\\Users\\Maffi\\Desktop\\RaktarWeb\\raktar-backend\\src\\batch\\batch.service.ts","statementMap":{"0":{"start":{"line":1,"column":0},"end":{"line":1,"column":null}},"1":{"start":{"line":6,"column":0},"end":{"line":6,"column":50}},"2":{"start":{"line":9,"column":0},"end":{"line":9,"column":54}},"3":{"start":{"line":10,"column":0},"end":{"line":10,"column":75}},"4":{"start":{"line":11,"column":0},"end":{"line":11,"column":57}},"5":{"start":{"line":14,"column":29},"end":{"line":14,"column":33}},"6":{"start":{"line":17,"column":7},"end":{"line":366,"column":null}},"7":{"start":{"line":19,"column":12},"end":{"line":19,"column":20}},"8":{"start":{"line":20,"column":12},"end":{"line":20,"column":19}},"9":{"start":{"line":21,"column":12},"end":{"line":21,"column":26}},"10":{"start":{"line":22,"column":12},"end":{"line":22,"column":20}},"11":{"start":{"line":26,"column":20},"end":{"line":29,"column":6}},"12":{"start":{"line":31,"column":93},"end":{"line":31,"column":95}},"13":{"start":{"line":33,"column":4},"end":{"line":43,"column":7}},"14":{"start":{"line":34,"column":6},"end":{"line":36,"column":7}},"15":{"start":{"line":35,"column":8},"end":{"line":35,"column":88}},"16":{"start":{"line":37,"column":21},"end":{"line":37,"column":49}},"17":{"start":{"line":38,"column":6},"end":{"line":38,"column":46}},"18":{"start":{"line":39,"column":6},"end":{"line":39,"column":50}},"19":{"start":{"line":40,"column":6},"end":{"line":42,"column":7}},"20":{"start":{"line":41,"column":8},"end":{"line":41,"column":50}},"21":{"start":{"line":45,"column":4},"end":{"line":48,"column":6}},"22":{"start":{"line":52,"column":21},"end":{"line":52,"column":27}},"23":{"start":{"line":54,"column":4},"end":{"line":58,"column":5}},"24":{"start":{"line":55,"column":22},"end":{"line":55,"column":88}},"25":{"start":{"line":56,"column":6},"end":{"line":56,"column":72}},"26":{"start":{"line":56,"column":20},"end":{"line":56,"column":72}},"27":{"start":{"line":57,"column":6},"end":{"line":57,"column":32}},"28":{"start":{"line":60,"column":4},"end":{"line":62,"column":5}},"29":{"start":{"line":61,"column":6},"end":{"line":61,"column":81}},"30":{"start":{"line":64,"column":28},"end":{"line":64,"column":36}},"31":{"start":{"line":65,"column":88},"end":{"line":65,"column":90}},"32":{"start":{"line":67,"column":16},"end":{"line":67,"column":44}},"33":{"start":{"line":68,"column":20},"end":{"line":68,"column":40}},"34":{"start":{"line":70,"column":4},"end":{"line":96,"column":5}},"35":{"start":{"line":71,"column":6},"end":{"line":94,"column":7}},"36":{"start":{"line":71,"column":19},"end":{"line":71,"column":20}},"37":{"start":{"line":72,"column":8},"end":{"line":92,"column":9}},"38":{"start":{"line":72,"column":21},"end":{"line":72,"column":22}},"39":{"start":{"line":73,"column":10},"end":{"line":73,"column":44}},"40":{"start":{"line":73,"column":38},"end":{"line":73,"column":44}},"41":{"start":{"line":75,"column":27},"end":{"line":75,"column":47}},"42":{"start":{"line":76,"column":24},"end":{"line":76,"column":45}},"43":{"start":{"line":77,"column":32},"end":{"line":77,"column":50}},"44":{"start":{"line":78,"column":30},"end":{"line":78,"column":66}},"45":{"start":{"line":80,"column":10},"end":{"line":91,"column":11}},"46":{"start":{"line":81,"column":30},"end":{"line":81,"column":66}},"47":{"start":{"line":82,"column":28},"end":{"line":82,"column":66}},"48":{"start":{"line":84,"column":12},"end":{"line":88,"column":15}},"49":{"start":{"line":90,"column":12},"end":{"line":90,"column":41}},"50":{"start":{"line":93,"column":8},"end":{"line":93,"column":42}},"51":{"start":{"line":93,"column":36},"end":{"line":93,"column":42}},"52":{"start":{"line":95,"column":6},"end":{"line":95,"column":40}},"53":{"start":{"line":95,"column":34},"end":{"line":95,"column":40}},"54":{"start":{"line":98,"column":4},"end":{"line":100,"column":5}},"55":{"start":{"line":99,"column":6},"end":{"line":99,"column":107}},"56":{"start":{"line":102,"column":4},"end":{"line":102,"column":23}},"57":{"start":{"line":106,"column":44},"end":{"line":153,"column":6}},"58":{"start":{"line":107,"column":31},"end":{"line":107,"column":33}},"59":{"start":{"line":108,"column":19},"end":{"line":108,"column":36}},"60":{"start":{"line":110,"column":6},"end":{"line":150,"column":7}},"61":{"start":{"line":111,"column":24},"end":{"line":111,"column":93}},"62":{"start":{"line":112,"column":8},"end":{"line":112,"column":74}},"63":{"start":{"line":112,"column":22},"end":{"line":112,"column":74}},"64":{"start":{"line":114,"column":8},"end":{"line":114,"column":29}},"65":{"start":{"line":116,"column":31},"end":{"line":119,"column":10}},"66":{"start":{"line":120,"column":30},"end":{"line":120,"column":104}},"67":{"start":{"line":120,"column":64},"end":{"line":120,"column":100}},"68":{"start":{"line":121,"column":28},"end":{"line":121,"column":56}},"69":{"start":{"line":123,"column":8},"end":{"line":125,"column":9}},"70":{"start":{"line":124,"column":10},"end":{"line":124,"column":117}},"71":{"start":{"line":127,"column":28},"end":{"line":127,"column":70}},"72":{"start":{"line":128,"column":25},"end":{"line":130,"column":10}},"73":{"start":{"line":133,"column":8},"end":{"line":147,"column":9}},"74":{"start":{"line":134,"column":10},"end":{"line":137,"column":13}},"75":{"start":{"line":139,"column":10},"end":{"line":146,"column":13}},"76":{"start":{"line":148,"column":8},"end":{"line":148,"column":26}},"77":{"start":{"line":149,"column":8},"end":{"line":149,"column":86}},"78":{"start":{"line":152,"column":6},"end":{"line":152,"column":72}},"79":{"start":{"line":155,"column":4},"end":{"line":155,"column":65}},"80":{"start":{"line":157,"column":4},"end":{"line":159,"column":5}},"81":{"start":{"line":158,"column":6},"end":{"line":158,"column":54}},"82":{"start":{"line":161,"column":4},"end":{"line":161,"column":19}},"83":{"start":{"line":165,"column":4},"end":{"line":165,"column":53}},"84":{"start":{"line":169,"column":4},"end":{"line":251,"column":5}},"85":{"start":{"line":170,"column":21},"end":{"line":170,"column":54}},"86":{"start":{"line":171,"column":25},"end":{"line":174,"column":8}},"87":{"start":{"line":176,"column":25},"end":{"line":176,"column":81}},"88":{"start":{"line":176,"column":59},"end":{"line":176,"column":78}},"89":{"start":{"line":177,"column":22},"end":{"line":177,"column":42}},"90":{"start":{"line":179,"column":19},"end":{"line":179,"column":20}},"91":{"start":{"line":179,"column":29},"end":{"line":179,"column":30}},"92":{"start":{"line":179,"column":39},"end":{"line":179,"column":40}},"93":{"start":{"line":181,"column":6},"end":{"line":245,"column":8}},"94":{"start":{"line":183,"column":10},"end":{"line":183,"column":40}},"95":{"start":{"line":185,"column":10},"end":{"line":241,"column":11}},"96":{"start":{"line":186,"column":31},"end":{"line":186,"column":84}},"97":{"start":{"line":186,"column":56},"end":{"line":186,"column":83}},"98":{"start":{"line":188,"column":12},"end":{"line":233,"column":13}},"99":{"start":{"line":189,"column":37},"end":{"line":189,"column":52}},"100":{"start":{"line":190,"column":33},"end":{"line":190,"column":51}},"101":{"start":{"line":192,"column":14},"end":{"line":232,"column":15}},"102":{"start":{"line":193,"column":31},"end":{"line":193,"column":66}},"103":{"start":{"line":194,"column":44},"end":{"line":197,"column":18}},"104":{"start":{"line":198,"column":38},"end":{"line":198,"column":115}},"105":{"start":{"line":198,"column":77},"end":{"line":198,"column":111}},"106":{"start":{"line":200,"column":33},"end":{"line":200,"column":69}},"107":{"start":{"line":201,"column":34},"end":{"line":201,"column":67}},"108":{"start":{"line":203,"column":16},"end":{"line":230,"column":17}},"109":{"start":{"line":204,"column":36},"end":{"line":204,"column":73}},"110":{"start":{"line":205,"column":37},"end":{"line":205,"column":83}},"111":{"start":{"line":207,"column":35},"end":{"line":209,"column":20}},"112":{"start":{"line":211,"column":18},"end":{"line":217,"column":19}},"113":{"start":{"line":212,"column":20},"end":{"line":212,"column":127}},"114":{"start":{"line":214,"column":20},"end":{"line":216,"column":23}},"115":{"start":{"line":219,"column":18},"end":{"line":219,"column":48}},"116":{"start":{"line":221,"column":18},"end":{"line":225,"column":19}},"117":{"start":{"line":222,"column":20},"end":{"line":222,"column":27}},"118":{"start":{"line":223,"column":20},"end":{"line":223,"column":55}},"119":{"start":{"line":223,"column":36},"end":{"line":223,"column":45}},"120":{"start":{"line":223,"column":46},"end":{"line":223,"column":53}},"121":{"start":{"line":224,"column":20},"end":{"line":224,"column":57}},"122":{"start":{"line":224,"column":36},"end":{"line":224,"column":45}},"123":{"start":{"line":224,"column":46},"end":{"line":224,"column":55}},"124":{"start":{"line":227,"column":18},"end":{"line":227,"column":25}},"125":{"start":{"line":228,"column":18},"end":{"line":228,"column":53}},"126":{"start":{"line":228,"column":34},"end":{"line":228,"column":43}},"127":{"start":{"line":228,"column":44},"end":{"line":228,"column":51}},"128":{"start":{"line":229,"column":18},"end":{"line":229,"column":55}},"129":{"start":{"line":229,"column":34},"end":{"line":229,"column":43}},"130":{"start":{"line":229,"column":44},"end":{"line":229,"column":53}},"131":{"start":{"line":231,"column":16},"end":{"line":231,"column":101}},"132":{"start":{"line":231,"column":46},"end":{"line":231,"column":101}},"133":{"start":{"line":234,"column":34},"end":{"line":234,"column":69}},"134":{"start":{"line":235,"column":33},"end":{"line":235,"column":93}},"135":{"start":{"line":236,"column":12},"end":{"line":240,"column":13}},"136":{"start":{"line":237,"column":14},"end":{"line":237,"column":21}},"137":{"start":{"line":238,"column":14},"end":{"line":238,"column":49}},"138":{"start":{"line":238,"column":30},"end":{"line":238,"column":39}},"139":{"start":{"line":238,"column":40},"end":{"line":238,"column":47}},"140":{"start":{"line":239,"column":14},"end":{"line":239,"column":51}},"141":{"start":{"line":239,"column":30},"end":{"line":239,"column":39}},"142":{"start":{"line":239,"column":40},"end":{"line":239,"column":49}},"143":{"start":{"line":242,"column":10},"end":{"line":242,"column":141}},"144":{"start":{"line":247,"column":6},"end":{"line":247,"column":67}},"145":{"start":{"line":248,"column":6},"end":{"line":248,"column":46}},"146":{"start":{"line":250,"column":6},"end":{"line":250,"column":47}},"147":{"start":{"line":255,"column":20},"end":{"line":255,"column":30}},"148":{"start":{"line":256,"column":21},"end":{"line":259,"column":6}},"149":{"start":{"line":260,"column":4},"end":{"line":260,"column":71}},"150":{"start":{"line":260,"column":19},"end":{"line":260,"column":71}},"151":{"start":{"line":262,"column":19},"end":{"line":320,"column":6}},"152":{"start":{"line":263,"column":6},"end":{"line":302,"column":7}},"153":{"start":{"line":264,"column":24},"end":{"line":264,"column":70}},"154":{"start":{"line":266,"column":30},"end":{"line":266,"column":131}},"155":{"start":{"line":267,"column":29},"end":{"line":267,"column":102}},"156":{"start":{"line":267,"column":62},"end":{"line":267,"column":98}},"157":{"start":{"line":269,"column":8},"end":{"line":271,"column":9}},"158":{"start":{"line":270,"column":10},"end":{"line":270,"column":112}},"159":{"start":{"line":273,"column":32},"end":{"line":275,"column":10}},"160":{"start":{"line":278,"column":24},"end":{"line":278,"column":81}},"161":{"start":{"line":280,"column":8},"end":{"line":287,"column":9}},"162":{"start":{"line":281,"column":10},"end":{"line":281,"column":145}},"163":{"start":{"line":282,"column":10},"end":{"line":282,"column":87}},"164":{"start":{"line":284,"column":10},"end":{"line":286,"column":13}},"165":{"start":{"line":289,"column":42},"end":{"line":289,"column":46}},"166":{"start":{"line":290,"column":29},"end":{"line":290,"column":57}},"167":{"start":{"line":292,"column":8},"end":{"line":296,"column":9}},"168":{"start":{"line":293,"column":10},"end":{"line":293,"column":60}},"169":{"start":{"line":295,"column":10},"end":{"line":295,"column":111}},"170":{"start":{"line":298,"column":8},"end":{"line":299,"column":106}},"171":{"start":{"line":301,"column":8},"end":{"line":301,"column":29}},"172":{"start":{"line":304,"column":6},"end":{"line":308,"column":7}},"173":{"start":{"line":305,"column":10},"end":{"line":305,"column":60}},"174":{"start":{"line":306,"column":10},"end":{"line":306,"column":101}},"175":{"start":{"line":307,"column":10},"end":{"line":307,"column":80}},"176":{"start":{"line":310,"column":22},"end":{"line":316,"column":8}},"177":{"start":{"line":318,"column":6},"end":{"line":318,"column":100}},"178":{"start":{"line":319,"column":6},"end":{"line":319,"column":21}},"179":{"start":{"line":322,"column":4},"end":{"line":322,"column":65}},"180":{"start":{"line":323,"column":4},"end":{"line":323,"column":67}},"181":{"start":{"line":325,"column":4},"end":{"line":325,"column":18}},"182":{"start":{"line":329,"column":20},"end":{"line":329,"column":30}},"183":{"start":{"line":330,"column":18},"end":{"line":330,"column":80}},"184":{"start":{"line":331,"column":4},"end":{"line":331,"column":68}},"185":{"start":{"line":331,"column":16},"end":{"line":331,"column":68}},"186":{"start":{"line":333,"column":4},"end":{"line":336,"column":7}},"187":{"start":{"line":334,"column":6},"end":{"line":334,"column":56}},"188":{"start":{"line":335,"column":6},"end":{"line":335,"column":99}},"189":{"start":{"line":338,"column":4},"end":{"line":338,"column":65}},"190":{"start":{"line":339,"column":4},"end":{"line":339,"column":64}},"191":{"start":{"line":341,"column":4},"end":{"line":341,"column":41}},"192":{"start":{"line":345,"column":20},"end":{"line":348,"column":6}},"193":{"start":{"line":349,"column":22},"end":{"line":349,"column":23}},"194":{"start":{"line":349,"column":38},"end":{"line":349,"column":39}},"195":{"start":{"line":349,"column":54},"end":{"line":349,"column":55}},"196":{"start":{"line":350,"column":75},"end":{"line":350,"column":77}},"197":{"start":{"line":351,"column":4},"end":{"line":357,"column":7}},"198":{"start":{"line":352,"column":21},"end":{"line":352,"column":49}},"199":{"start":{"line":353,"column":6},"end":{"line":353,"column":28}},"200":{"start":{"line":353,"column":29},"end":{"line":353,"column":77}},"201":{"start":{"line":353,"column":78},"end":{"line":353,"column":104}},"202":{"start":{"line":354,"column":6},"end":{"line":354,"column":101}},"203":{"start":{"line":354,"column":33},"end":{"line":354,"column":101}},"204":{"start":{"line":355,"column":6},"end":{"line":355,"column":44}},"205":{"start":{"line":356,"column":6},"end":{"line":356,"column":108}},"206":{"start":{"line":356,"column":65},"end":{"line":356,"column":108}},"207":{"start":{"line":358,"column":4},"end":{"line":364,"column":6}},"208":{"start":{"line":362,"column":56},"end":{"line":362,"column":91}},"209":{"start":{"line":363,"column":61},"end":{"line":363,"column":108}},"210":{"start":{"line":17,"column":13},"end":{"line":17,"column":25}},"211":{"start":{"line":17,"column":13},"end":{"line":366,"column":null}}},"fnMap":{"0":{"name":"(anonymous_2)","decl":{"start":{"line":18,"column":2},"end":{"line":18,"column":null}},"loc":{"start":{"line":22,"column":33},"end":{"line":23,"column":6}}},"1":{"name":"(anonymous_3)","decl":{"start":{"line":25,"column":2},"end":{"line":25,"column":7}},"loc":{"start":{"line":25,"column":23},"end":{"line":49,"column":3}}},"2":{"name":"(anonymous_4)","decl":{"start":{"line":33,"column":20},"end":{"line":33,"column":21}},"loc":{"start":{"line":33,"column":26},"end":{"line":43,"column":5}}},"3":{"name":"(anonymous_5)","decl":{"start":{"line":51,"column":2},"end":{"line":51,"column":7}},"loc":{"start":{"line":51,"column":77},"end":{"line":103,"column":3}}},"4":{"name":"(anonymous_6)","decl":{"start":{"line":105,"column":2},"end":{"line":105,"column":7}},"loc":{"start":{"line":105,"column":59},"end":{"line":162,"column":3}}},"5":{"name":"(anonymous_7)","decl":{"start":{"line":106,"column":75},"end":{"line":106,"column":80}},"loc":{"start":{"line":106,"column":88},"end":{"line":153,"column":5}}},"6":{"name":"(anonymous_8)","decl":{"start":{"line":120,"column":52},"end":{"line":120,"column":53}},"loc":{"start":{"line":120,"column":64},"end":{"line":120,"column":100}}},"7":{"name":"(anonymous_9)","decl":{"start":{"line":164,"column":2},"end":{"line":164,"column":7}},"loc":{"start":{"line":164,"column":61},"end":{"line":166,"column":3}}},"8":{"name":"(anonymous_10)","decl":{"start":{"line":168,"column":2},"end":{"line":168,"column":7}},"loc":{"start":{"line":168,"column":36},"end":{"line":252,"column":3}}},"9":{"name":"(anonymous_11)","decl":{"start":{"line":176,"column":52},"end":{"line":176,"column":53}},"loc":{"start":{"line":176,"column":59},"end":{"line":176,"column":78}}},"10":{"name":"(anonymous_12)","decl":{"start":{"line":182,"column":8},"end":{"line":182,"column":13}},"loc":{"start":{"line":182,"column":21},"end":{"line":243,"column":9}}},"11":{"name":"(anonymous_13)","decl":{"start":{"line":186,"column":49},"end":{"line":186,"column":50}},"loc":{"start":{"line":186,"column":56},"end":{"line":186,"column":83}}},"12":{"name":"(anonymous_14)","decl":{"start":{"line":198,"column":65},"end":{"line":198,"column":66}},"loc":{"start":{"line":198,"column":77},"end":{"line":198,"column":111}}},"13":{"name":"(anonymous_15)","decl":{"start":{"line":254,"column":2},"end":{"line":254,"column":7}},"loc":{"start":{"line":254,"column":73},"end":{"line":326,"column":3}}},"14":{"name":"(anonymous_16)","decl":{"start":{"line":262,"column":50},"end":{"line":262,"column":55}},"loc":{"start":{"line":262,"column":63},"end":{"line":320,"column":5}}},"15":{"name":"(anonymous_17)","decl":{"start":{"line":267,"column":50},"end":{"line":267,"column":51}},"loc":{"start":{"line":267,"column":62},"end":{"line":267,"column":98}}},"16":{"name":"(anonymous_18)","decl":{"start":{"line":328,"column":2},"end":{"line":328,"column":7}},"loc":{"start":{"line":328,"column":41},"end":{"line":342,"column":3}}},"17":{"name":"(anonymous_19)","decl":{"start":{"line":333,"column":35},"end":{"line":333,"column":40}},"loc":{"start":{"line":333,"column":48},"end":{"line":336,"column":5}}},"18":{"name":"(anonymous_20)","decl":{"start":{"line":344,"column":10},"end":{"line":344,"column":15}},"loc":{"start":{"line":344,"column":36},"end":{"line":365,"column":3}}},"19":{"name":"(anonymous_21)","decl":{"start":{"line":351,"column":20},"end":{"line":351,"column":21}},"loc":{"start":{"line":351,"column":26},"end":{"line":357,"column":5}}},"20":{"name":"(anonymous_22)","decl":{"start":{"line":362,"column":49},"end":{"line":362,"column":50}},"loc":{"start":{"line":362,"column":56},"end":{"line":362,"column":91}}},"21":{"name":"(anonymous_23)","decl":{"start":{"line":363,"column":54},"end":{"line":363,"column":55}},"loc":{"start":{"line":363,"column":61}
[...]
olumn":6},"end":{"line":284,"column":7}},"119":{"start":{"line":276,"column":8},"end":{"line":283,"column":9}},"120":{"start":{"line":277,"column":10},"end":{"line":280,"column":13}},"121":{"start":{"line":282,"column":10},"end":{"line":282,"column":78}},"122":{"start":{"line":286,"column":6},"end":{"line":290,"column":8}},"123":{"start":{"line":293,"column":27},"end":{"line":296,"column":6}},"124":{"start":{"line":298,"column":4},"end":{"line":300,"column":7}},"125":{"start":{"line":301,"column":4},"end":{"line":301,"column":26}},"126":{"start":{"line":305,"column":17},"end":{"line":305,"column":69}},"127":{"start":{"line":306,"column":4},"end":{"line":306,"column":72}},"128":{"start":{"line":306,"column":15},"end":{"line":306,"column":72}},"129":{"start":{"line":308,"column":20},"end":{"line":314,"column":6}},"130":{"start":{"line":316,"column":4},"end":{"line":331,"column":5}},"131":{"start":{"line":317,"column":6},"end":{"line":320,"column":8}},"132":{"start":{"line":321,"column":6},"end":{"line":324,"column":9}},"133":{"start":{"line":326,"column":6},"end":{"line":329,"column":8}},"134":{"start":{"line":330,"column":6},"end":{"line":330,"column":58}},"135":{"start":{"line":333,"column":4},"end":{"line":333,"column":35}},"136":{"start":{"line":337,"column":17},"end":{"line":337,"column":69}},"137":{"start":{"line":338,"column":4},"end":{"line":338,"column":72}},"138":{"start":{"line":338,"column":15},"end":{"line":338,"column":72}},"139":{"start":{"line":340,"column":22},"end":{"line":340,"column":36}},"140":{"start":{"line":342,"column":20},"end":{"line":353,"column":6}},"141":{"start":{"line":355,"column":4},"end":{"line":355,"column":37}},"142":{"start":{"line":357,"column":4},"end":{"line":362,"column":5}},"143":{"start":{"line":358,"column":7},"end":{"line":361,"column":9}},"144":{"start":{"line":364,"column":4},"end":{"line":367,"column":7}},"145":{"start":{"line":368,"column":4},"end":{"line":368,"column":35}},"146":{"start":{"line":20,"column":13},"end":{"line":20,"column":24}},"147":{"start":{"line":20,"column":13},"end":{"line":370,"column":null}}},"fnMap":{"0":{"name":"(anonymous_11)","decl":{"start":{"line":21,"column":2},"end":{"line":21,"column":null}},"loc":{"start":{"line":24,"column":52},"end":{"line":25,"column":6}}},"1":{"name":"(anonymous_12)","decl":{"start":{"line":27,"column":10},"end":{"line":27,"column":30}},"loc":{"start":{"line":28,"column":36},"end":{"line":33,"column":3}}},"2":{"name":"(anonymous_13)","decl":{"start":{"line":35,"column":10},"end":{"line":35,"column":23}},"loc":{"start":{"line":35,"column":47},"end":{"line":37,"column":3}}},"3":{"name":"(anonymous_14)","decl":{"start":{"line":39,"column":10},"end":{"line":39,"column":26}},"loc":{"start":{"line":39,"column":51},"end":{"line":51,"column":3}}},"4":{"name":"(anonymous_15)","decl":{"start":{"line":53,"column":2},"end":{"line":53,"column":7}},"loc":{"start":{"line":53,"column":43},"end":{"line":88,"column":3}}},"5":{"name":"(anonymous_16)","decl":{"start":{"line":90,"column":2},"end":{"line":90,"column":7}},"loc":{"start":{"line":90,"column":15},"end":{"line":93,"column":3}}},"6":{"name":"(anonymous_17)","decl":{"start":{"line":92,"column":21},"end":{"line":92,"column":22}},"loc":{"start":{"line":92,"column":31},"end":{"line":92,"column":51}}},"7":{"name":"(anonymous_18)","decl":{"start":{"line":95,"column":2},"end":{"line":95,"column":7}},"loc":{"start":{"line":95,"column":45},"end":{"line":97,"column":3}}},"8":{"name":"(anonymous_19)","decl":{"start":{"line":99,"column":2},"end":{"line":99,"column":7}},"loc":{"start":{"line":99,"column":26},"end":{"line":103,"column":3}}},"9":{"name":"(anonymous_20)","decl":{"start":{"line":105,"column":2},"end":{"line":105,"column":7}},"loc":{"start":{"line":105,"column":43},"end":{"line":137,"column":3}}},"10":{"name":"(anonymous_21)","decl":{"start":{"line":140,"column":2},"end":{"line":140,"column":7}},"loc":{"start":{"line":140,"column":81},"end":{"line":160,"column":3}}},"11":{"name":"(anonymous_22)","decl":{"start":{"line":162,"column":2},"end":{"line":162,"column":7}},"loc":{"start":{"line":162,"column":49},"end":{"line":178,"column":3}}},"12":{"name":"(anonymous_23)","decl":{"start":{"line":180,"column":2},"end":{"line":180,"column":7}},"loc":{"start":{"line":180,"column":36},"end":{"line":193,"column":3}}},"13":{"name":"(anonymous_24)","decl":{"start":{"line":195,"column":2},"end":{"line":195,"column":7}},"loc":{"start":{"line":195,"column":74},"end":{"line":223,"column":3}}},"14":{"name":"(anonymous_25)","decl":{"start":{"line":225,"column":2},"end":{"line":225,"column":7}},"loc":{"start":{"line":225,"column":26},"end":{"line":230,"column":3}}},"15":{"name":"(anonymous_26)","decl":{"start":{"line":232,"column":2},"end":{"line":232,"column":7}},"loc":{"start":{"line":232,"column":45},"end":{"line":237,"column":3}}},"16":{"name":"(anonymous_27)","decl":{"start":{"line":239,"column":2},"end":{"line":239,"column":7}},"loc":{"start":{"line":239,"column":73},"end":{"line":302,"column":3}}},"17":{"name":"(anonymous_28)","decl":{"start":{"line":304,"column":2},"end":{"line":304,"column":7}},"loc":{"start":{"line":304,"column":28},"end":{"line":334,"column":3}}},"18":{"name":"(anonymous_29)","decl":{"start":{"line":336,"column":2},"end":{"line":336,"column":7}},"loc":{"start":{"line":336,"column":25},"end":{"line":369,"column":3}}}},"branchMap":{"0":{"loc":{"start":{"line":30,"column":4},"end":{"line":30,"column":28}},"type":"if","locations":[{"start":{"line":30,"column":4},"end":{"line":30,"column":28}},{"start":{},"end":{}}]},"1":{"loc":{"start":{"line":32,"column":11},"end":{"line":32,"column":41}},"type":"cond-expr","locations":[{"start":{"line":32,"column":21},"end":{"line":32,"column":34}},{"start":{"line":32,"column":37},"end":{"line":32,"column":41}}]},"2":{"loc":{"start":{"line":36,"column":39},"end":{"line":36,"column":49}},"type":"binary-expr","locations":[{"start":{"line":36,"column":39},"end":{"line":36,"column":43}},{"start":{"line":36,"column":47},"end":{"line":36,"column":49}}]},"3":{"loc":{"start":{"line":40,"column":4},"end":{"line":40,"column":27}},"type":"if","locations":[{"start":{"line":40,"column":4},"end":{"line":40,"column":27}},{"start":{},"end":{}}]},"4":{"loc":{"start":{"line":45,"column":6},"end":{"line":47,"column":7}},"type":"if","locations":[{"start":{"line":45,"column":6},"end":{"line":47,"column":7}},{"start":{},"end":{}}]},"5":{"loc":{"start":{"line":63,"column":16},"end":{"line":63,"column":51}},"type":"binary-expr","locations":[{"start":{"line":63,"column":16},"end":{"line":63,"column":34}},{"start":{"line":63,"column":38},"end":{"line":63,"column":51}}]},"6":{"loc":{"start":{"line":74,"column":6},"end":{"line":85,"column":7}},"type":"if","locations":[{"start":{"line":74,"column":6},"end":{"line":85,"column":7}},{"start":{},"end":{}}]},"7":{"loc":{"start":{"line":75,"column":38},"end":{"line":75,"column":62}},"type":"binary-expr","locations":[{"start":{"line":75,"column":38},"end":{"line":75,"column":56}},{"start":{"line":75,"column":60},"end":{"line":75,"column":62}}]},"8":{"loc":{"start":{"line":76,"column":8},"end":{"line":77,"column":74}},"type":"if","locations":[{"start":{"line":76,"column":8},"end":{"line":77,"column":74}},{"start":{},"end":{}}]},"9":{"loc":{"start":{"line":78,"column":8},"end":{"line":79,"column":80}},"type":"if","locations":[{"start":{"line":78,"column":8},"end":{"line":79,"column":80}},{"start":{},"end":{}}]},"10":{"loc":{"start":{"line":80,"column":8},"end":{"line":81,"column":80}},"type":"if","locations":[{"start":{"line":80,"column":8},"end":{"line":81,"column":80}},{"start":{},"end":{}}]},"11":{"loc":{"start":{"line":80,"column":12},"end":{"line":80,"column":70}},"type":"binary-expr","locations":[{"start":{"line":80,"column":12},"end":{"line":80,"column":42}},{"start":{"line":80,"column":46},"end":{"line":80,"column":70}}]},"12":{"loc":{"start":{"line":101,"column":4},"end":{"line":101,"column":72}},"type":"if","locations":[{"start":{"line":101,"column":4},"end":{"line":101,"column":72}},{"start":{},"end":{}}]},"13":{"loc":{"start":{"line":107,"column":4},"end":{"line":107,"column":73}},"type":"if","locations":[{"start":{"line":107,"column":4},"end":{"line":107,"column":73}},{"start":{},"end":{}}]},"14":{"loc":{"start":{"line":112,"column":4},"end":{"line":113,"column":70}},"type":"if","locations":[{"start":{"line":112,"column":4},"end":{"line":113,"column":70}},{"start":{},"end":{}}]},"15":{"loc":{"start":{"line":115,"column":4},"end":{"line":123,"column":5}},"type":"if","locations":[{"start":{"line":115,"column":4},"end":{"line":123,"column":5}},{"start":{},"end":{}}]},"16":{"loc":{"start":{"line":115,"column":8},"end":{"line":115,"column":42}},"type":"binary-expr","locations":[{"start":{"line":115,"column":8},"end":{"line":115,"column":16}},{"start":{"line":115,"column":20},"end":{"line":115,"column":42}}]},"17":{"loc":{"start":{"line":116,"column":6},"end":{"line":116,"column":78}},"type":"if","locations":[{"start":{"line":116,"column":6},"end":{"line":116,"column":78}},{"start":{},"end":{}}]},"18":{"loc":{"start":{"line":118,"column":6},"end":{"line":119,"column":70}},"type":"if","locations":[{"start":{"line":118,"column":6},"end":{"line":119,"column":70}},{"start":{},"end":{}}]},"19":{"loc":{"start":{"line":142,"column":4},"end":{"line":142,"column":73}},"type":"if","locations":[{"start":{"line":142,"column":4},"end":{"line":142,"column":73}},{"start":{},"end":{}}]},"20":{"loc":{"start":{"line":145,"column":4},"end":{"line":145,"column":50}},"type":"if","locations":[{"start":{"line":145,"column":4},"end":{"line":145,"column":50}},{"start":{},"end":{}}]},"21":{"loc":{"start":{"line":146,"column":4},"end":{"line":146,"column":59}},"type":"if","locations":[{"start":{"line":146,"column":4},"end":{"line":146,"column":59}},{"start":{},"end":{}}]},"22":{"loc":{"start":{"line":164,"column":4},"end":{"line":164,"column":72}},"type":"if","locations":[{"start":{"line":164,"column":4},"end":{"line":164,"column":72}},{"start":{},"end":{}}]},"23":{"loc":{"start":{"line":182,"column":4},"end":{"line":182,"column":72}},"type":"if","locations":[{"start":{"line":182,"column":4},"end":{"line":182,"column":72}},{"start":{},"end":{}}]},"24":{"loc":{"start":{"line":197,"column":23},"end":{"line":197,"column":73}},"type":"cond-expr","locations":[{"start":{"line":197,"column":52},"end":{"line":197,"column":65}},{"start":{"line":197,"column":68},"end":{"line":197,"column":73}}]},"25":{"loc":{"start":{"line":244,"column":4},"end":{"line":244,"column":71}},"type":"if","locations":[{"start":{"line":244,"column":4},"end":{"line":244,"column":71}},{"start":{},"end":{}}]},"26":{"loc":{"start":{"line":247,"column":20},"end":{"line":247,"column":63}},"type":"cond-expr","locations":[{"start":{"line":247,"column":45},"end":{"line":247,"column":51}},{"start":{"line":247,"column":54},"end":{"line":247,"column":63}}]},"27":{"loc":{"start":{"line":248,"column":21},"end":{"line":248,"column":79}},"type":"cond-expr","locations":[{"start":{"line":248,"column":58},"end":{"line":248,"column":71}},{"start":{"line":248,"column":74},"end":{"line":248,"column":79}}]},"28":{"loc":{"start":{"line":250,"column":4},"end":{"line":291,"column":5}},"type":"if","locations":[{"start":{"line":250,"column":4},"end":{"line":291,"column":5}},{"start":{"line":285,"column":11},"end":{"line":291,"column":5}}]},"29":{"loc":{"start":{"line":251,"column":6},"end":{"line":264,"column":7}},"type":"if","locations":[{"start":{"line":251,"column":6},"end":{"line":264,"column":7}},{"start":{"line":256,"column":13},"end":{"line":264,"column":7}}]},"30":{"loc":{"start":{"line":256,"column":13},"end":{"line":264,"column":7}},"type":"if","locations":[{"start":{"line":256,"column":13},"end":{"line":264,"column":7}},{"start":{},"end":{}}]},"31":{"loc":{"start":{"line":275,"column":6},"end":{"line":284,"column":7}},"type":"if","locations":[{"start":{"line":275,"column":6},"end":{"line":284,"column":7}},{"start":{},"end":{}}]},"32":{"loc":{"start":{"line":276,"column":8},"end":{"line":283,"column":9}},"type":"if","locations":[{"start":{"line":276,"column":8},"end":{"line":283,"column":9}},{"start":{"line":281,"column":15},"end":{"line":283,"column":9}}]},"33":{"loc":{"start":{"line":306,"column":4},"end":{"line":306,"column":72}},"type":"if","locations":[{"start":{"line":306,"column":4},"end":{"line":306,"column":72}},{"start":{},"end":{}}]},"34":{"loc":{"start":{"line":316,"column":4},"end":{"line":331,"column":5}},"type":"if","locations":[{"start":{"line":316,"column":4},"end":{"line":331,"column":5}},{"start":{"line":325,"column":11},"end":{"line":331,"column":5}}]},"35":{"loc":{"start":{"line":338,"column":4},"end":{"line":338,"column":72}},"type":"if","locations":[{"start":{"line":338,"column":4},"end":{"line":338,"column":72}},{"start":{},"end":{}}]},"36":{"loc":{"start":{"line":357,"column":4},"end":{"line":362,"column":5}},"type":"if","locations":[{"start":{"line":357,"column":4},"end":{"line":362,"column":5}},{"start":{},"end":{}}]},"37":{"loc":{"start":{"line":22,"column":20},"end":{"line":22,"column":null}},"type":"cond-expr","locations":[{"start":{"line":22,"column":33},"end":{"line":22,"column":null}},{"start":{"line":22,"column":33},"end":{"line":22,"column":null}}]},"38":{"loc":{"start":{"line":22,"column":20},"end":{"line":22,"column":33}},"type":"binary-expr","locations":[{"start":{"line":22,"column":20},"end":{"line":22,"column":null}},{"start":{"line":22,"column":20},"end":{"line":22,"column":33}}]},"39":{"loc":{"start":{"line":22,"column":33},"end":{"line":23,"column":null}},"type":"cond-expr","locations":[{"start":{"line":23,"column":33},"end":{"line":23,"column":null}},{"start":{"line":23,"column":33},"end":{"line":23,"column":null}}]},"40":{"loc":{"start":{"line":22,"column":33},"end":{"line":23,"column":33}},"type":"binary-expr","locations":[{"start":{"line":22,"column":33},"end":{"line":23,"column":null}},{"start":{"line":23,"column":20},"end":{"line":23,"column":33}}]},"41":{"loc":{"start":{"line":23,"column":33},"end":{"line":24,"column":null}},"type":"cond-expr","locations":[{"start":{"line":24,"column":52},"end":{"line":24,"column":null}},{"start":{"line":24,"column":52},"end":{"line":24,"column":null}}]},"42":{"loc":{"start":{"line":23,"column":33},"end":{"line":24,"column":52}},"type":"binary-expr","locations":[{"start":{"line":23,"column":33},"end":{"line":24,"column":null}},{"start":{"line":24,"column":33},"end":{"line":24,"column":52}}]}},"s":{"0":4,"1":4,"2":4,"3":4,"4":4,"5":4,"6":4,"7":4,"8":4,"9":4,"10":0,"11":0,"12":0,"13":0,"14":0,"15":0,"16":0,"17":0,"18":0,"19":0,"20":0,"21":0,"22":0,"23":0,"24":0,"25":0,"26":0,"27":0,"28":0,"29":0,"30":0,"31":0,"32":0,"33":0,"34":0,"35":0,"36":0,"37":0,"38":0,"39":0,"40":0,"41":0,"42":0,"43":0,"44":0,"45":0,"46":0,"47":0,"48":0,"49":0,"50":0,"51":0,"52":0,"53":0,"54":0,"55":0,"56":0,"57":0,"58":0,"59":0,"60":0,"61":0,"62":0,"63":0,"64":0,"65":0,"66":0,"67":0,"68":0,"69":0,"70":0,"71":0,"72":0,"73":0,"74":0,"75":0,"76":0,"77":0,"78":0,"79":0,"80":0,"81":0,"82":0,"83":0,"84":0,"85":0,"86":0,"87":0,"88":0,"89":0,"90":0,"91":0,"92":0,"93":0,"94":0,"95":0,"96":0,"97":0,"98":0,"99":0,"100":0,"101":0,"102":0,"103":0,"104":0,"105":0,"106":0,"107":0,"108":0,"109":0,"110":0,"111":0,"112":0,"113":0,"114":0,"115":0,"116":0,"117":0,"118":0,"119":0,"120":0,"121":0,"122":0,"123":0,"124":0,"125":0,"126":0,"127":0,"128":0,"129":0,"130":0,"131":0,"132":0,"133":0,"134":0,"135":0,"136":0,"137":0,"138":0,"139":0,"140":0,"141":0,"142":0,"143":0,"144":0,"145":0,"146":4,"147":4},"f":{"0":0,"1":0,"2":0,"3":0,"4":0,"5":0,"6":0,"7":0,"8":0,"9":0,"10":0,"11":0,"12":0,"13":0,"14":0,"15":0,"16":0,"17":0,"18":0},"b":{"0":[0,0],"1":[0,0],"2":[0,0],"3":[0,0],"4":[0,0],"5":[0,0],"6":[0,0],"7":[0,0],"8":[0,0],"9":[0,0],"10":[0,0],"11":[0,0],"12":[0,0],"13":[0,0],"14":[0,0],"15":[0,0],"16":[0,0],"17":[0,0],"18":[0,0],"19":[0,0],"20":[0,0],"21":[0,0],"22":[0,0],"23":[0,0],"24":[0,0],"25":[0,0],"26":[0,0],"27":[0,0],"28":[0,0],"29":[0,0],"30":[0,0],"31":[0,0],"32":[0,0],"33":[0,0],"34":[0,0],"35":[0,0],"36":[0,0],"37":[4,0],"38":[4,4],"39":[4,0],"40":[4,4],"41":[4,0],"42":[4,4]}}
,"C:\\Users\\Maffi\\Desktop\\RaktarWeb\\raktar-backend\\src\\user\\dto\\create-user.dto.ts": {"path":"C:\\Users\\Maffi\\Desktop\\RaktarWeb\\raktar-backend\\src\\user\\dto\\create-user.dto.ts","statementMap":{"0":{"start":{"line":1,"column":0},"end":{"line":1,"column":null}},"1":{"start":{"line":11,"column":0},"end":{"line":11,"column":38}},"2":{"start":{"line":12,"column":0},"end":{"line":12,"column":67}},"3":{"start":{"line":14,"column":0},"end":{"line":14,"column":13}},"4":{"start":{"line":18,"column":2},"end":{"line":18,"column":null}},"5":{"start":{"line":27,"column":2},"end":{"line":27,"column":null}},"6":{"start":{"line":37,"column":2},"end":{"line":37,"column":null}},"7":{"start":{"line":42,"column":2},"end":{"line":42,"column":null}},"8":{"start":{"line":47,"column":2},"end":{"line":47,"column":null}},"9":{"start":{"line":52,"column":2},"end":{"line":52,"column":null}}},"fnMap":{},"branchMap":{"0":{"loc":{"start":{"line":52,"column":9},"end":{"line":52,"column":14}},"type":"cond-expr","locations":[{"start":{"line":52,"column":13},"end":{"line":52,"column":14}},{"start":{"line":52,"column":13},"end":{"line":52,"column":14}}]},"1":{"loc":{"start":{"line":52,"column":9},"end":{"line":52,"column":13}},"type":"binary-expr","locations":[{"start":{"line":52,"column":9},"end":{"line":52,"column":14}},{"start":{"line":52,"column":9},"end":{"line":52,"column":13}}]}},"s":{"0":1,"1":1,"2":1,"3":1,"4":1,"5":1,"6":1,"7":1,"8":1,"9":1},"f":{},"b":{"0":[0,1],"1":[1,1]}}
,"C:\\Users\\Maffi\\Desktop\\RaktarWeb\\raktar-backend\\src\\user\\dto\\update-user.dto.ts": {"path":"C:\\Users\\Maffi\\Desktop\\RaktarWeb\\raktar-backend\\src\\user\\dto\\update-user.dto.ts","statementMap":{"0":{"start":{"line":1,"column":0},"end":{"line":1,"column":null}},"1":{"start":{"line":9,"column":0},"end":{"line":9,"column":38}},"2":{"start":{"line":10,"column":0},"end":{"line":10,"column":54}},"3":{"start":{"line":12,"column":0},"end":{"line":12,"column":13}},"4":{"start":{"line":16,"column":2},"end":{"line":16,"column":null}},"5":{"start":{"line":23,"column":2},"end":{"line":23,"column":null}},"6":{"start":{"line":28,"column":2},"end":{"line":28,"column":null}},"7":{"start":{"line":33,"column":2},"end":{"line":33,"column":null}},"8":{"start":{"line":39,"column":2},"end":{"line":39,"column":null}},"9":{"start":{"line":45,"column":2},"end":{"line":45,"column":null}},"10":{"start":{"line":50,"column":2},"end":{"line":50,"column":null}}},"fnMap":{},"branchMap":{"0":{"loc":{"start":{"line":50,"column":9},"end":{"line":50,"column":14}},"type":"cond-expr","locations":[{"start":{"line":50,"column":13},"end":{"line":50,"column":14}},{"start":{"line":50,"column":13},"end":{"line":50,"column":14}}]},"1":{"loc":{"start":{"line":50,"column":9},"end":{"line":50,"column":13}},"type":"binary-expr","locations":[{"start":{"line":50,"column":9},"end":{"line":50,"column":14}},{"start":{"line":50,"column":9},"end":{"line":50,"column":13}}]}},"s":{"0":0,"1":0,"2":0,"3":0,"4":0,"5":0,"6":0,"7":0,"8":0,"9":0,"10":0},"f":{},"b":{"0":[0,0],"1":[0,0]}}
,"C:\\Users\\Maffi\\Desktop\\RaktarWeb\\raktar-backend\\src\\user\\entities\\user.entity.ts": {"path":"C:\\Users\\Maffi\\Desktop\\RaktarWeb\\raktar-backend\\src\\user\\entities\\user.entity.ts","statementMap":{"0":{"start":{"line":3,"column":0},"end":{"line":3,"column":44}},"1":{"start":{"line":25,"column":4},"end":{"line":25,"column":33}},"2":{"start":{"line":5,"column":0},"end":{"line":5,"column":13}},"3":{"start":{"line":19,"column":2},"end":{"line":19,"column":null}},"4":{"start":{"line":22,"column":2},"end":{"line":22,"column":null}}},"fnMap":{"0":{"name":"(anonymous_2)","decl":{"start":{"line":24,"column":2},"end":{"line":24,"column":14}},"loc":{"start":{"line":24,"column":42},"end":{"line":26,"column":3}}}},"branchMap":{},"s":{"0":4,"1":0,"2":4,"3":4,"4":4},"f":{"0":0},"b":{}}
}
