TN:
SF:src\app.controller.ts
FN:7,(anonymous_2)
FNF:1
FNH:0
FNDA:0,(anonymous_2)
DA:2,0
DA:3,0
DA:6,0
DA:7,0
LF:4
LH:0
BRDA:7,0,0,0
BRDA:7,0,1,0
BRDA:7,1,0,0
BRDA:7,1,1,0
BRF:4
BRH:0
end_of_record
TN:
SF:src\app.module.ts
FNF:0
FNH:0
DA:1,0
DA:2,0
DA:3,0
DA:4,0
DA:5,0
DA:6,0
DA:7,0
DA:8,0
DA:9,0
DA:10,0
DA:11,0
DA:12,0
DA:13,0
DA:14,0
DA:34,0
LF:15
LH:0
BRF:0
BRH:0
end_of_record
TN:
SF:src\app.service.ts
FN:7,(anonymous_2)
FN:9,(anonymous_3)
FNF:2
FNH:0
FNDA:0,(anonymous_2)
FNDA:0,(anonymous_3)
DA:2,0
DA:3,0
DA:6,0
DA:7,0
DA:10,0
DA:11,0
DA:12,0
DA:14,0
DA:15,0
DA:16,0
DA:18,0
DA:21,0
LF:12
LH:0
BRDA:22,0,0,0
BRDA:22,0,1,0
BRDA:7,1,0,0
BRDA:7,1,1,0
BRDA:7,2,0,0
BRDA:7,2,1,0
BRF:6
BRH:0
end_of_record
TN:
SF:src\main.ts
FN:9,bootstrap
FN:13,(anonymous_1)
FN:28,(anonymous_2)
FNF:3
FNH:0
FNDA:0,bootstrap
FNDA:0,(anonymous_1)
FNDA:0,(anonymous_2)
DA:1,0
DA:2,0
DA:4,0
DA:5,0
DA:6,0
DA:7,0
DA:10,0
DA:12,0
DA:14,0
DA:26,0
DA:29,0
DA:34,0
DA:36,0
DA:43,0
DA:51,0
DA:53,0
DA:57,0
DA:73,0
DA:74,0
DA:76,0
DA:77,0
DA:78,0
DA:80,0
LF:23
LH:0
BRDA:26,0,0,0
BRDA:26,0,1,0
BRDA:27,1,0,0
BRDA:27,1,1,0
BRDA:29,2,0,0
BRDA:29,2,1,0
BRDA:76,3,0,0
BRDA:76,3,1,0
BRF:8
BRH:0
end_of_record
TN:
SF:src\prisma.service.ts
FN:8,(anonymous_2)
FN:18,(anonymous_3)
FNF:2
FNH:0
FNDA:0,(anonymous_2)
FNDA:0,(anonymous_3)
DA:2,6
DA:3,6
DA:4,6
DA:7,6
DA:9,0
DA:19,0
LF:6
LH:4
BRDA:8,0,0,6
BRDA:8,0,1,0
BRDA:8,1,0,6
BRDA:8,1,1,6
BRF:4
BRH:3
end_of_record
TN:
SF:src\audit\audit.controller.ts
FN:26,(anonymous_4)
FN:34,(anonymous_5)
FNF:2
FNH:0
FNDA:0,(anonymous_4)
FNDA:0,(anonymous_5)
DA:1,0
DA:11,0
DA:12,0
DA:13,0
DA:14,0
DA:15,0
DA:16,0
DA:17,0
DA:25,0
DA:26,0
DA:34,0
DA:38,0
LF:12
LH:0
BRDA:36,0,0,0
BRDA:36,0,1,0
BRDA:36,1,0,0
BRDA:36,1,1,0
BRDA:26,2,0,0
BRDA:26,2,1,0
BRDA:26,3,0,0
BRDA:26,3,1,0
BRF:8
BRH:0
end_of_record
TN:
SF:src\audit\audit.module.ts
FNF:0
FNH:0
DA:2,0
DA:3,0
DA:4,0
DA:5,0
DA:12,0
LF:5
LH:0
BRF:0
BRH:0
end_of_record
TN:
SF:src\audit\audit.service.ts
FN:9,(anonymous_2)
FN:11,(anonymous_3)
FN:60,(anonymous_4)
FNF:3
FNH:0
FNDA:0,(anonymous_2)
FNDA:0,(anonymous_3)
FNDA:0,(anonymous_4)
DA:2,2
DA:3,2
DA:8,2
DA:9,0
DA:12,0
DA:13,0
DA:15,0
DA:16,0
DA:17,0
DA:18,0
DA:21,0
DA:22,0
DA:25,0
DA:26,0
DA:29,0
DA:30,0
DA:31,0
DA:32,0
DA:33,0
DA:35,0
DA:36,0
DA:37,0
DA:38,0
DA:39,0
DA:44,0
DA:68,0
DA:70,0
DA:71,0
DA:73,0
LF:29
LH:3
BRDA:15,0,0,0
BRDA:15,0,1,0
BRDA:17,1,0,0
BRDA:17,1,1,0
BRDA:21,2,0,0
BRDA:21,2,1,0
BRDA:25,3,0,0
BRDA:25,3,1,0
BRDA:29,4,0,0
BRDA:29,4,1,0
BRDA:29,5,0,0
BRDA:29,5,1,0
BRDA:31,6,0,0
BRDA:31,6,1,0
BRDA:33,7,0,0
BRDA:33,7,1,0
BRDA:35,8,0,0
BRDA:35,8,1,0
BRDA:37,9,0,0
BRDA:37,9,1,0
BRDA:68,10,0,0
BRDA:68,10,1,0
BRDA:70,11,0,0
BRDA:70,11,1,0
BRDA:71,12,0,0
BRDA:71,12,1,0
BRDA:77,13,0,0
BRDA:77,13,1,0
BRDA:9,14,0,2
BRDA:9,14,1,0
BRDA:9,15,0,2
BRDA:9,15,1,2
BRF:32
BRH:3
end_of_record
TN:
SF:src\audit\dto\get-logs-query.dto.ts
FN:14,(anonymous_2)
FN:28,(anonymous_3)
FN:38,(anonymous_4)
FN:44,(anonymous_5)
FN:49,(anonymous_6)
FNF:5
FNH:0
FNDA:0,(anonymous_2)
FNDA:0,(anonymous_3)
FNDA:0,(anonymous_4)
FNDA:0,(anonymous_5)
FNDA:0,(anonymous_6)
DA:1,0
DA:8,0
DA:9,0
DA:11,0
DA:15,0
DA:16,0
DA:19,0
DA:24,0
DA:29,0
DA:30,0
DA:33,0
DA:38,0
DA:39,0
DA:44,0
DA:45,0
DA:50,0
DA:51,0
DA:52,0
DA:55,0
LF:19
LH:0
BRDA:15,0,0,0
BRDA:15,0,1,0
BRDA:15,1,0,0
BRDA:15,1,1,0
BRDA:15,1,2,0
BRDA:29,2,0,0
BRDA:29,2,1,0
BRDA:29,3,0,0
BRDA:29,3,1,0
BRDA:29,3,2,0
BRDA:38,4,0,0
BRDA:38,4,1,0
BRDA:44,5,0,0
BRDA:44,5,1,0
BRDA:50,6,0,0
BRDA:50,6,1,0
BRDA:50,7,0,0
BRDA:50,7,1,0
BRDA:51,8,0,0
BRDA:51,8,1,0
BRDA:51,9,0,0
BRDA:51,9,1,0
BRF:22
BRH:0
end_of_record
TN:
SF:src\auth\auth.controller.ts
FN:18,(anonymous_4)
FN:23,(anonymous_5)
FN:29,(anonymous_6)
FN:35,(anonymous_7)
FNF:4
FNH:0
FNDA:0,(anonymous_4)
FNDA:0,(anonymous_5)
FNDA:0,(anonymous_6)
FNDA:0,(anonymous_7)
DA:2,1
DA:11,1
DA:12,1
DA:13,1
DA:14,1
DA:17,1
DA:18,0
DA:23,1
DA:24,0
DA:29,1
DA:30,0
DA:35,1
DA:38,0
LF:13
LH:9
BRDA:23,0,0,1
BRDA:23,0,1,0
BRDA:23,1,0,1
BRDA:23,1,1,1
BRDA:29,2,0,1
BRDA:29,2,1,0
BRDA:29,3,0,1
BRDA:29,3,1,1
BRDA:36,4,0,1
BRDA:36,4,1,0
BRDA:36,5,0,1
BRDA:36,5,1,1
BRDA:18,6,0,1
BRDA:18,6,1,0
BRDA:18,7,0,1
BRDA:18,7,1,1
BRF:16
BRH:12
end_of_record
TN:
SF:src\auth\auth.module.ts
FNF:0
FNH:0
DA:2,0
DA:3,0
DA:4,0
DA:5,0
DA:6,0
DA:7,0
DA:8,0
DA:9,0
DA:10,0
DA:26,0
LF:10
LH:0
BRDA:19,0,0,0
BRDA:19,0,1,0
BRF:2
BRH:0
end_of_record
TN:
SF:src\auth\auth.service.ts
FN:19,(anonymous_11)
FN:27,(anonymous_12)
FN:31,(anonymous_13)
FN:86,(anonymous_14)
FN:127,(anonymous_15)
FNF:5
FNH:0
FNDA:0,(anonymous_11)
FNDA:0,(anonymous_12)
FNDA:0,(anonymous_13)
FNDA:0,(anonymous_14)
FNDA:0,(anonymous_15)
DA:2,2
DA:7,2
DA:8,2
DA:9,2
DA:10,2
DA:11,2
DA:15,2
DA:18,2
DA:20,0
DA:21,0
DA:22,0
DA:23,0
DA:24,0
DA:28,0
DA:32,0
DA:36,0
DA:37,0
DA:40,0
DA:41,0
DA:46,0
DA:51,0
DA:60,0
DA:64,0
DA:69,0
DA:87,0
DA:88,0
DA:91,0
DA:95,0
DA:96,0
DA:99,0
DA:100,0
DA:102,0
DA:111,0
DA:116,0
DA:121,0
DA:128,0
DA:129,0
DA:131,0
DA:132,0
DA:133,0
DA:135,0
DA:137,0
DA:146,0
DA:152,0
DA:157,0
LF:45
LH:8
BRDA:28,0,0,0
BRDA:28,0,1,0
BRDA:36,1,0,0
BRDA:36,1,1,0
BRDA:36,2,0,0
BRDA:36,2,1,0
BRDA:40,3,0,0
BRDA:40,3,1,0
BRDA:60,4,0,0
BRDA:60,4,1,0
BRDA:88,5,0,0
BRDA:88,5,1,0
BRDA:91,6,0,0
BRDA:91,6,1,0
BRDA:95,7,0,0
BRDA:95,7,1,0
BRDA:95,8,0,0
BRDA:95,8,1,0
BRDA:95,8,2,0
BRDA:129,9,0,0
BRDA:129,9,1,0
BRDA:132,10,0,0
BRDA:132,10,1,0
BRDA:20,11,0,2
BRDA:20,11,1,0
BRDA:20,12,0,2
BRDA:20,12,1,2
BRDA:20,13,0,2
BRDA:20,13,1,0
BRDA:20,14,0,2
BRDA:20,14,1,2
BRDA:21,15,0,2
BRDA:21,15,1,0
BRDA:21,16,0,2
BRDA:21,16,1,2
BRDA:22,17,0,2
BRDA:22,17,1,0
BRDA:22,18,0,2
BRDA:22,18,1,2
BRDA:23,19,0,2
BRDA:23,19,1,0
BRDA:23,20,0,2
BRDA:23,20,1,2
BRF:43
BRH:15
end_of_record
TN:
SF:src\auth\jwt-auth.guard.ts
FN:13,(anonymous_2)
FN:17,(anonymous_3)
FNF:2
FNH:0
FNDA:0,(anonymous_2)
FNDA:0,(anonymous_3)
DA:2,1
DA:7,1
DA:8,1
DA:9,1
DA:12,1
DA:13,0
DA:14,0
DA:18,0
DA:23,0
DA:24,0
DA:27,0
DA:28,0
DA:29,0
DA:32,0
DA:33,0
DA:35,0
DA:37,0
DA:38,0
DA:44,0
LF:19
LH:5
BRDA:23,0,0,0
BRDA:23,0,1,0
BRDA:28,1,0,0
BRDA:28,1,1,0
BRDA:37,2,0,0
BRDA:37,2,1,0
BRDA:37,3,0,0
BRDA:37,3,1,0
BRDA:13,4,0,1
BRDA:13,4,1,0
BRDA:13,5,0,1
BRDA:13,5,1,1
BRF:12
BRH:3
end_of_record
TN:
SF:src\auth\jwt.strategy.ts
FN:9,(anonymous_2)
FN:17,(anonymous_3)
FNF:2
FNH:0
FNDA:0,(anonymous_2)
FNDA:0,(anonymous_3)
DA:2,0
DA:3,0
DA:4,0
DA:5,0
DA:8,0
DA:9,0
DA:10,0
DA:18,0
DA:30,0
DA:31,0
DA:36,0
DA:37,0
DA:42,0
LF:13
LH:0
BRDA:13,0,0,0
BRDA:13,0,1,0
BRDA:30,1,0,0
BRDA:30,1,1,0
BRDA:30,2,0,0
BRDA:30,2,1,0
BRDA:36,3,0,0
BRDA:36,3,1,0
BRDA:9,4,0,0
BRDA:9,4,1,0
BRDA:9,5,0,0
BRDA:9,5,1,0
BRF:12
BRH:0
end_of_record
TN:
SF:src\auth\roles.decorator.ts
FN:6,(anonymous_0)
FNF:1
FNH:1
FNDA:4,(anonymous_0)
DA:2,1
DA:5,1
DA:6,4
LF:3
LH:3
BRF:0
BRH:0
end_of_record
TN:
SF:src\auth\roles.guard.ts
FN:14,(anonymous_2)
FN:16,(anonymous_3)
FN:28,(anonymous_4)
FNF:3
FNH:0
FNDA:0,(anonymous_2)
FNDA:0,(anonymous_3)
FNDA:0,(anonymous_4)
DA:2,1
DA:8,1
DA:10,1
DA:13,1
DA:14,0
DA:17,0
DA:22,0
DA:23,0
DA:26,0
DA:28,0
DA:30,0
DA:31,0
DA:36,0
LF:13
LH:4
BRDA:22,0,0,0
BRDA:22,0,1,0
BRDA:30,1,0,0
BRDA:30,1,1,0
BRDA:14,2,0,1
BRDA:14,2,1,0
BRDA:14,3,0,1
BRDA:14,3,1,1
BRF:8
BRH:3
end_of_record
TN:
SF:src\auth\dto\force-change-password.dto.ts
FNF:0
FNH:0
DA:1,1
DA:2,1
DA:4,1
DA:8,1
DA:13,1
DA:20,1
LF:6
LH:6
BRF:0
BRH:0
end_of_record
TN:
SF:src\auth\dto\forgot-password.dto.ts
FNF:0
FNH:0
DA:1,1
DA:2,1
DA:4,1
DA:8,1
DA:13,1
DA:18,1
LF:6
LH:6
BRF:0
BRH:0
end_of_record
TN:
SF:src\auth\dto\login.dto.ts
FNF:0
FNH:0
DA:1,1
DA:2,1
DA:4,1
DA:8,1
DA:14,1
DA:19,1
LF:6
LH:6
BRF:0
BRH:0
end_of_record
TN:
SF:src\batch\batch.controller.ts
FN:31,(anonymous_4)
FN:33,(anonymous_5)
FN:52,(anonymous_6)
FN:63,(anonymous_7)
FN:78,(anonymous_8)
FN:91,(anonymous_9)
FN:100,(anonymous_10)
FN:116,(anonymous_11)
FN:134,(anonymous_12)
FNF:9
FNH:0
FNDA:0,(anonymous_4)
FNDA:0,(anonymous_5)
FNDA:0,(anonymous_6)
FNDA:0,(anonymous_7)
FNDA:0,(anonymous_8)
FNDA:0,(anonymous_9)
FNDA:0,(anonymous_10)
FNDA:0,(anonymous_11)
FNDA:0,(anonymous_12)
DA:1,0
DA:15,0
DA:16,0
DA:17,0
DA:18,0
DA:19,0
DA:20,0
DA:21,0
DA:22,0
DA:30,0
DA:31,0
DA:34,0
DA:35,0
DA:37,0
DA:38,0
DA:40,0
DA:41,0
DA:45,0
DA:52,0
DA:53,0
DA:63,0
DA:68,0
DA:69,0
DA:78,0
DA:83,0
DA:91,0
DA:92,0
DA:100,0
DA:105,0
DA:116,0
DA:122,0
DA:134,0
DA:139,0
LF:33
LH:0
BRDA:34,0,0,0
BRDA:34,0,1,0
BRDA:35,1,0,0
BRDA:35,1,1,0
BRDA:37,2,0,0
BRDA:37,2,1,0
BRDA:37,2,2,0
BRDA:40,3,0,0
BRDA:40,3,1,0
BRDA:68,4,0,0
BRDA:68,4,1,0
BRDA:101,5,0,0
BRDA:101,5,1,0
BRDA:101,6,0,0
BRDA:101,6,1,0
BRDA:118,7,0,0
BRDA:118,7,1,0
BRDA:118,8,0,0
BRDA:118,8,1,0
BRDA:31,9,0,0
BRDA:31,9,1,0
BRDA:31,10,0,0
BRDA:31,10,1,0
BRF:23
BRH:0
end_of_record
TN:
SF:src\batch\batch.module.ts
FNF:0
FNH:0
DA:2,0
DA:3,0
DA:4,0
DA:5,0
DA:6,0
DA:7,0
DA:15,0
LF:7
LH:0
BRF:0
BRH:0
end_of_record
TN:
SF:src\batch\batch.service.ts
FN:18,(anonymous_2)
FN:25,(anonymous_3)
FN:33,(anonymous_4)
FN:51,(anonymous_5)
FN:105,(anonymous_6)
FN:106,(anonymous_7)
FN:120,(anonymous_8)
FN:164,(anonymous_9)
FN:168,(anonymous_10)
FN:176,(anonymous_11)
FN:182,(anonymous_12)
FN:186,(anonymous_13)
FN:198,(anonymous_14)
FN:254,(anonymous_15)
FN:262,(anonymous_16)
FN:267,(anonymous_17)
FN:328,(anonymous_18)
FN:333,(anonymous_19)
FN:344,(anonymous_20)
FN:351,(anonymous_21)
FN:362,(anonymous_22)
FN:363,(anonymous_23)
FNF:22
FNH:0
FNDA:0,(anonymous_2)
FNDA:0,(anonymous_3)
FNDA:0,(anonymous_4)
FNDA:0,(anonymous_5)
FNDA:0,(anonymous_6)
FNDA:0,(anonymous_7)
FNDA:0,(anonymous_8)
FNDA:0,(anonymous_9)
FNDA:0,(anonymous_10)
FNDA:0,(anonymous_11)
FNDA:0,(anonymous_12)
FNDA:0,(anonymous_13)
FNDA:0,(anonymous_14)
FNDA:0,(anonymous_15)
FNDA:0,(anonymous_16)
FNDA:0,(anonymous_17)
FNDA:0,(anonymous_18)
FNDA:0,(anonymous_19)
FNDA:0,(anonymous_20)
FNDA:0,(anonymous_21)
FNDA:0,(anonymous_22)
FNDA:0,(anonymous_23)
DA:1,0
DA:6,0
DA:9,0
DA:10,0
DA:11,0
DA:14,0
DA:17,0
DA:19,0
DA:20,0
DA:21,0
DA:22,0
DA:26,0
DA:31,0
DA:33,0
DA:34,0
DA:35,0
DA:37,0
DA:38,0
DA:39,0
DA:40,0
DA:41,0
DA:45,0
DA:52,0
DA:54,0
DA:55,0
DA:56,0
DA:57,0
DA:60,0
DA:61,0
DA:64,0
DA:65,0
DA:67,0
DA:68,0
DA:70,0
DA:71,0
DA:72,0
DA:73,0
DA:75,0
DA:76,0
DA:77,0
DA:78,0
DA:80,0
DA:81,0
DA:82,0
DA:84,0
DA:90,0
DA:93,0
DA:95,0
DA:98,0
DA:99,0
DA:102,0
DA:106,0
DA:107,0
DA:108,0
DA:110,0
DA:111,0
DA:112,0
DA:114,0
DA:116,0
DA:120,0
DA:121,0
DA:123,0
DA:124,0
DA:127,0
DA:128,0
DA:133,0
DA:134,0
DA:139,0
DA:148,0
DA:149,0
DA:152,0
DA:155,0
DA:157,0
DA:158,0
DA:161,0
DA:165,0
DA:169,0
DA:170,0
DA:171,0
DA:176,0
DA:177,0
DA:179,0
DA:181,0
DA:183,0
DA:185,0
DA:186,0
DA:188,0
DA:189,0
DA:190,0
DA:192,0
DA:193,0
DA:194,0
DA:198,0
DA:200,0
DA:201,0
DA:203,0
DA:204,0
DA:205,0
DA:207,0
DA:211,0
DA:212,0
DA:214,0
DA:219,0
DA:221,0
DA:222,0
DA:223,0
DA:224,0
DA:227,0
DA:228,0
DA:229,0
DA:231,0
DA:234,0
DA:235,0
DA:236,0
DA:237,0
DA:238,0
DA:239,0
DA:242,0
DA:247,0
DA:248,0
DA:250,0
DA:255,0
DA:256,0
DA:260,0
DA:262,0
DA:263,0
DA:264,0
DA:266,0
DA:267,0
DA:269,0
DA:270,0
DA:273,0
DA:278,0
DA:280,0
DA:281,0
DA:282,0
DA:284,0
DA:289,0
DA:290,0
DA:292,0
DA:293,0
DA:295,0
DA:298,0
DA:301,0
DA:304,0
DA:305,0
DA:306,0
DA:307,0
DA:310,0
DA:318,0
DA:319,0
DA:322,0
DA:323,0
DA:325,0
DA:329,0
DA:330,0
DA:331,0
DA:333,0
DA:334,0
DA:335,0
DA:338,0
DA:339,0
DA:341,0
DA:345,0
DA:349,0
DA:350,0
DA:351,0
DA:352,0
DA:353,0
DA:354,0
DA:355,0
DA:356,0
DA:358,0
DA:362,0
DA:363,0
LF:175
LH:0
BRDA:34,0,0,0
BRDA:34,0,1,0
BRDA:40,1,0,0
BRDA:40,1,1,0
BRDA:54,2,0,0
BRDA:54,2,1,0
BRDA:54,3,0,0
BRDA:54,3,1,0
BRDA:56,4,0,0
BRDA:56,4,1,0
BRDA:60,5,0,0
BRDA:60,5,1,0
BRDA:60,6,0,0
BRDA:60,6,1,0
BRDA:73,7,0,0
BRDA:73,7,1,0
BRDA:77,8,0,0
BRDA:77,8,1,0
BRDA:80,9,0,0
BRDA:80,9,1,0
BRDA:93,10,0,0
BRDA:93,10,1,0
BRDA:95,11,0,0
BRDA:95,11,1,0
BRDA:98,12,0,0
BRDA:98,12,1,0
BRDA:112,13,0,0
BRDA:112,13,1,0
BRDA:123,14,0,0
BRDA:123,14,1,0
BRDA:127,15,0,0
BRDA:127,15,1,0
BRDA:133,16,0,0
BRDA:133,16,1,0
BRDA:203,17,0,0
BRDA:203,17,1,0
BRDA:205,18,0,0
BRDA:205,18,1,0
BRDA:211,19,0,0
BRDA:211,19,1,0
BRDA:221,20,0,0
BRDA:221,20,1,0
BRDA:221,21,0,0
BRDA:221,21,1,0
BRDA:223,22,0,0
BRDA:223,22,1,0
BRDA:224,23,0,0
BRDA:224,23,1,0
BRDA:228,24,0,0
BRDA:228,24,1,0
BRDA:229,25,0,0
BRDA:229,25,1,0
BRDA:231,26,0,0
BRDA:231,26,1,0
BRDA:236,27,0,0
BRDA:236,27,1,0
BRDA:238,28,0,0
BRDA:238,28,1,0
BRDA:239,29,0,0
BRDA:239,29,1,0
BRDA:260,30,0,0
BRDA:260,30,1,0
BRDA:263,31,0,0
BRDA:263,31,1,0
BRDA:263,32,0,0
BRDA:263,32,1,0
BRDA:264,33,0,0
BRDA:264,33,1,0
BRDA:269,34,0,0
BRDA:269,34,1,0
BRDA:278,35,0,0
BRDA:278,35,1,0
BRDA:280,36,0,0
BRDA:280,36,1,0
BRDA:282,37,0,0
BRDA:282,37,1,0
BRDA:292,38,0,0
BRDA:292,38,1,0
BRDA:304,39,0,0
BRDA:304,39,1,0
BRDA:304,40,0,0
BRDA:304,40,1,0
BRDA:314,41,0,0
BRDA:314,41,1,0
BRDA:314,42,0,0
BRDA:314,42,1,0
BRDA:331,43,0,0
BRDA:331,43,1,0
BRDA:354,44,0,0
BRDA:354,44,1,0
BRDA:356,45,0,0
BRDA:356,45,1,0
BRDA:19,46,0,0
BRDA:19,46,1,0
BRDA:19,47,0,0
BRDA:19,47,1,0
BRDA:19,48,0,0
BRDA:19,48,1,0
BRDA:19,49,0,0
BRDA:19,49,1,0
BRDA:20,50,0,0
BRDA:20,50,1,0
BRDA:20,51,0,0
BRDA:20,51,1,0
BRDA:21,52,0,0
BRDA:21,52,1,0
BRDA:21,53,0,0
BRDA:21,53,1,0
BRF:108
BRH:0
end_of_record
TN:
SF:src\batch\dto\create-batch.dto.ts
FN:34,(anonymous_2)
FNF:1
FNH:0
FNDA:0,(anonymous_2)
DA:1,0
DA:2,0
DA:11,0
DA:13,0
DA:16,0
DA:25,0
DA:30,0
DA:34,0
DA:36,0
LF:9
LH:0
BRDA:36,0,0,0
BRDA:36,0,1,0
BRDA:36,1,0,0
BRDA:36,1,1,0
BRF:4
BRH:0
end_of_record
TN:
SF:src\batch\dto\update-batch.dto.ts
FNF:0
FNH:0
DA:1,0
DA:2,0
DA:4,0
DA:9,0
DA:14,0
DA:18,0
LF:6
LH:0
BRF:0
BRH:0
end_of_record
TN:
SF:src\common\logging.interceptor.ts
FN:22,(anonymous_1)
FN:26,(anonymous_2)
FN:44,(anonymous_3)
FNF:3
FNH:0
FNDA:0,(anonymous_1)
FNDA:0,(anonymous_2)
FNDA:0,(anonymous_3)
DA:1,0
DA:9,0
DA:12,0
DA:13,0
DA:15,0
DA:23,0
DA:24,0
DA:26,0
DA:28,0
DA:29,0
DA:32,0
DA:38,0
DA:42,0
DA:43,0
DA:45,0
LF:15
LH:0
BRDA:28,0,0,0
BRDA:28,0,1,0
BRDA:33,1,0,0
BRDA:33,1,1,0
BRDA:33,2,0,0
BRDA:33,2,1,0
BRDA:34,3,0,0
BRDA:34,3,1,0
BRDA:34,4,0,0
BRDA:34,4,1,0
BRDA:35,5,0,0
BRDA:35,5,1,0
BRDA:35,6,0,0
BRDA:35,6,1,0
BRF:14
BRH:0
end_of_record
TN:
SF:src\events\events.gateway.ts
FN:22,(anonymous_4)
FN:26,(anonymous_5)
FN:31,(anonymous_6)
FN:42,(anonymous_7)
FN:50,(anonymous_8)
FNF:5
FNH:0
FNDA:0,(anonymous_4)
FNDA:0,(anonymous_5)
FNDA:0,(anonymous_6)
FNDA:0,(anonymous_7)
FNDA:0,(anonymous_8)
DA:2,5
DA:11,5
DA:18,5
DA:20,5
DA:23,0
DA:27,0
DA:31,5
DA:35,0
DA:36,0
DA:37,0
DA:38,0
DA:39,0
DA:43,0
DA:44,0
DA:45,0
DA:46,0
DA:51,0
DA:53,0
DA:55,0
DA:56,0
DA:58,0
LF:21
LH:5
BRDA:35,0,0,0
BRDA:35,0,1,0
BRDA:35,1,0,0
BRDA:35,1,1,0
BRDA:43,2,0,0
BRDA:43,2,1,0
BRDA:51,3,0,0
BRDA:51,3,1,0
BRDA:53,4,0,0
BRDA:53,4,1,0
BRDA:55,5,0,0
BRDA:55,5,1,0
BRDA:20,6,0,5
BRDA:20,6,1,0
BRDA:20,7,0,5
BRDA:20,7,1,5
BRDA:33,8,0,5
BRDA:33,8,1,0
BRDA:33,9,0,5
BRDA:33,9,1,5
BRF:20
BRH:6
end_of_record
TN:
SF:src\events\events.module.ts
FNF:0
FNH:0
DA:2,0
DA:3,0
DA:10,0
LF:3
LH:0
BRF:0
BRH:0
end_of_record
TN:
SF:src\notification\notification.controller.ts
FN:20,(anonymous_4)
FN:22,(anonymous_5)
FN:34,(anonymous_6)
FN:39,(anonymous_7)
FN:44,(anonymous_8)
FN:49,(anonymous_9)
FN:57,(anonymous_10)
FNF:7
FNH:0
FNDA:0,(anonymous_4)
FNDA:0,(anonymous_5)
FNDA:0,(anonymous_6)
FNDA:0,(anonymous_7)
FNDA:0,(anonymous_8)
FNDA:0,(anonymous_9)
FNDA:0,(anonymous_10)
DA:2,0
DA:14,0
DA:15,0
DA:19,0
DA:20,0
DA:23,0
DA:24,0
DA:25,0
DA:26,0
DA:30,0
DA:34,0
DA:35,0
DA:39,0
DA:40,0
DA:44,0
DA:45,0
DA:49,0
DA:50,0
DA:57,0
DA:58,0
DA:59,0
LF:21
LH:0
BRDA:23,0,0,0
BRDA:23,0,1,0
BRDA:23,0,2,0
BRDA:25,1,0,0
BRDA:25,1,1,0
BRDA:20,2,0,0
BRDA:20,2,1,0
BRDA:20,3,0,0
BRDA:20,3,1,0
BRF:9
BRH:0
end_of_record
TN:
SF:src\notification\notification.module.ts
FNF:0
FNH:0
DA:2,0
DA:3,0
DA:4,0
DA:5,0
DA:6,0
DA:14,0
LF:6
LH:0
BRF:0
BRH:0
end_of_record
TN:
SF:src\notification\notification.service.ts
FN:10,(anonymous_2)
FN:15,(anonymous_3)
FN:26,(anonymous_4)
FN:35,(anonymous_5)
FN:44,(anonymous_6)
FN:57,(anonymous_7)
FN:61,(anonymous_8)
FN:74,(anonymous_9)
FN:83,(anonymous_10)
FN:92,(anonymous_11)
FN:97,(anonymous_12)
FN:125,(anonymous_13)
FN:135,(anonymous_14)
FN:144,(anonymous_15)
FN:148,(anonymous_16)
FN:159,(anonymous_17)
FN:207,(anonymous_18)
FN:217,(anonymous_19)
FNF:18
FNH:0
FNDA:0,(anonymous_2)
FNDA:0,(anonymous_3)
FNDA:0,(anonymous_4)
FNDA:0,(anonymous_5)
FNDA:0,(anonymous_6)
FNDA:0,(anonymous_7)
FNDA:0,(anonymous_8)
FNDA:0,(anonymous_9)
FNDA:0,(anonymous_10)
FNDA:0,(anonymous_11)
FNDA:0,(anonymous_12)
FNDA:0,(anonymous_13)
FNDA:0,(anonymous_14)
FNDA:0,(anonymous_15)
FNDA:0,(anonymous_16)
FNDA:0,(anonymous_17)
FNDA:0,(anonymous_18)
FNDA:0,(anonymous_19)
DA:1,5
DA:2,5
DA:3,5
DA:4,5
DA:7,5
DA:8,0
DA:11,0
DA:12,0
DA:16,0
DA:27,0
DA:31,0
DA:32,0
DA:36,0
DA:40,0
DA:41,0
DA:45,0
DA:49,0
DA:50,0
DA:58,0
DA:62,0
DA:71,0
DA:75,0
DA:80,0
DA:82,0
DA:83,0
DA:92,0
DA:93,0
DA:98,0
DA:99,0
DA:101,0
DA:102,0
DA:103,0
DA:110,0
DA:115,0
DA:117,0
DA:122,0
DA:124,0
DA:125,0
DA:135,0
DA:136,0
DA:145,0
DA:149,0
DA:154,0
DA:156,0
DA:157,0
DA:159,0
DA:161,0
DA:162,0
DA:167,0
DA:168,0
DA:175,0
DA:176,0
DA:178,0
DA:179,0
DA:181,0
DA:182,0
DA:184,0
DA:185,0
DA:190,0
DA:191,0
DA:196,0
DA:197,0
DA:207,5
DA:208,0
DA:209,0
DA:210,0
DA:213,0
DA:217,5
DA:218,0
DA:219,0
DA:224,0
DA:225,0
LF:72
LH:7
BRDA:58,0,0,0
BRDA:58,0,1,0
BRDA:61,1,0,0
BRDA:74,2,0,0
BRDA:80,3,0,0
BRDA:80,3,1,0
BRDA:97,4,0,0
BRDA:105,5,0,0
BRDA:105,5,1,0
BRDA:110,6,0,0
BRDA:110,6,1,0
BRDA:115,7,0,0
BRDA:115,7,1,0
BRDA:122,8,0,0
BRDA:122,8,1,0
BRDA:129,9,0,0
BRDA:129,9,1,0
BRDA:154,10,0,0
BRDA:154,10,1,0
BRDA:161,11,0,0
BRDA:161,11,1,0
BRDA:167,12,0,0
BRDA:167,12,1,0
BRDA:176,13,0,0
BRDA:176,13,1,0
BRDA:176,14,0,0
BRDA:176,14,1,0
BRDA:184,15,0,0
BRDA:184,15,1,0
BRDA:184,16,0,0
BRDA:184,16,1,0
BRDA:187,17,0,0
BRDA:187,17,1,0
BRDA:190,18,0,0
BRDA:190,18,1,0
BRDA:196,19,0,0
BRDA:196,19,1,0
BRDA:213,20,0,0
BRDA:213,20,1,0
BRDA:11,21,0,5
BRDA:11,21,1,0
BRDA:11,22,0,5
BRDA:11,22,1,5
BRDA:11,23,0,5
BRDA:11,23,1,0
BRDA:11,24,0,5
BRDA:11,24,1,5
BRF:47
BRH:6
end_of_record
TN:
SF:src\notification\dto\create-notification.dto.ts
FNF:0
FNH:0
DA:2,0
LF:1
LH:0
BRF:0
BRH:0
end_of_record
TN:
SF:src\notification\dto\update-notification.dto.ts
FNF:0
FNH:0
DA:2,0
DA:3,0
DA:5,0
LF:3
LH:0
BRF:0
BRH:0
end_of_record
TN:
SF:src\product\product.controller.ts
FN:32,(anonymous_4)
FN:38,(anonymous_5)
FN:48,(anonymous_6)
FN:60,(anonymous_7)
FN:73,(anonymous_8)
FN:84,(anonymous_9)
FN:97,(anonymous_10)
FN:109,(anonymous_11)
FN:121,(anonymous_12)
FNF:9
FNH:0
FNDA:0,(anonymous_4)
FNDA:0,(anonymous_5)
FNDA:0,(anonymous_6)
FNDA:0,(anonymous_7)
FNDA:0,(anonymous_8)
FNDA:0,(anonymous_9)
FNDA:0,(anonymous_10)
FNDA:0,(anonymous_11)
FNDA:0,(anonymous_12)
DA:1,0
DA:16,0
DA:19,0
DA:20,0
DA:21,0
DA:22,0
DA:23,0
DA:31,0
DA:32,0
DA:38,0
DA:39,0
DA:48,0
DA:52,0
DA:60,0
DA:64,0
DA:73,0
DA:74,0
DA:75,0
DA:84,0
DA:88,0
DA:89,0
DA:97,0
DA:101,0
DA:109,0
DA:113,0
DA:121,0
DA:125,0
LF:27
LH:0
BRDA:32,0,0,0
BRDA:32,0,1,0
BRDA:32,1,0,0
BRDA:32,1,1,0
BRF:4
BRH:0
end_of_record
TN:
SF:src\product\product.module.ts
FNF:0
FNH:0
DA:2,0
DA:3,0
DA:4,0
DA:5,0
DA:6,0
DA:7,0
DA:14,0
LF:7
LH:0
BRF:0
BRH:0
end_of_record
TN:
SF:src\product\product.service.ts
FN:17,(anonymous_2)
FN:24,(anonymous_3)
FN:32,(anonymous_4)
FN:42,(anonymous_5)
FN:49,(anonymous_6)
FN:58,(anonymous_7)
FN:59,(anonymous_8)
FN:82,(anonymous_9)
FN:83,(anonymous_10)
FN:113,(anonymous_11)
FN:114,(anonymous_12)
FN:143,(anonymous_13)
FN:146,(anonymous_14)
FN:156,(anonymous_15)
FN:187,(anonymous_16)
FN:188,(anonymous_17)
FN:216,(anonymous_18)
FN:232,(anonymous_19)
FNF:18
FNH:0
FNDA:0,(anonymous_2)
FNDA:0,(anonymous_3)
FNDA:0,(anonymous_4)
FNDA:0,(anonymous_5)
FNDA:0,(anonymous_6)
FNDA:0,(anonymous_7)
FNDA:0,(anonymous_8)
FNDA:0,(anonymous_9)
FNDA:0,(anonymous_10)
FNDA:0,(anonymous_11)
FNDA:0,(anonymous_12)
FNDA:0,(anonymous_13)
FNDA:0,(anonymous_14)
FNDA:0,(anonymous_15)
FNDA:0,(anonymous_16)
FNDA:0,(anonymous_17)
FNDA:0,(anonymous_18)
FNDA:0,(anonymous_19)
DA:2,1
DA:8,1
DA:11,1
DA:12,1
DA:13,1
DA:16,1
DA:18,0
DA:19,0
DA:20,0
DA:21,0
DA:25,0
DA:30,0
DA:32,0
DA:33,0
DA:34,0
DA:43,0
DA:50,0
DA:54,0
DA:55,0
DA:59,0
DA:60,0
DA:64,0
DA:72,0
DA:75,0
DA:79,0
DA:83,0
DA:84,0
DA:87,0
DA:89,0
DA:94,0
DA:102,0
DA:105,0
DA:106,0
DA:110,0
DA:114,0
DA:115,0
DA:118,0
DA:120,0
DA:125,0
DA:133,0
DA:136,0
DA:140,0
DA:144,0
DA:145,0
DA:146,0
DA:148,0
DA:149,0
DA:153,0
DA:154,0
DA:156,0
DA:157,0
DA:162,0
DA:163,0
DA:172,0
DA:175,0
DA:179,0
DA:181,0
DA:188,0
DA:189,0
DA:192,0
DA:197,0
DA:205,0
DA:208,0
DA:209,0
DA:213,0
DA:217,0
DA:221,0
DA:222,0
DA:223,0
DA:226,0
DA:230,0
DA:231,0
DA:232,0
DA:233,0
DA:238,0
DA:246,0
DA:249,0
DA:250,0
DA:254,0
DA:255,0
DA:257,0
DA:260,0
LF:82
LH:6
BRDA:30,0,0,0
BRDA:30,0,1,0
BRDA:30,1,0,0
BRDA:30,1,1,0
BRDA:33,2,0,0
BRDA:33,2,1,0
BRDA:49,3,0,0
BRDA:51,4,0,0
BRDA:51,4,1,0
BRDA:54,5,0,0
BRDA:54,5,1,0
BRDA:87,6,0,0
BRDA:87,6,1,0
BRDA:118,7,0,0
BRDA:118,7,1,0
BRDA:144,8,0,0
BRDA:144,8,1,0
BRDA:144,9,0,0
BRDA:144,9,1,0
BRDA:153,10,0,0
BRDA:153,10,1,0
BRDA:221,11,0,0
BRDA:221,11,1,0
BRDA:222,12,0,0
BRDA:222,12,1,0
BRDA:226,13,0,0
BRDA:226,13,1,0
BRDA:227,14,0,0
BRDA:227,14,1,0
BRDA:231,15,0,0
BRDA:231,15,1,0
BRDA:231,16,0,0
BRDA:231,16,1,0
BRDA:254,17,0,0
BRDA:254,17,1,0
BRDA:18,18,0,1
BRDA:18,18,1,0
BRDA:18,19,0,1
BRDA:18,19,1,1
BRDA:18,20,0,1
BRDA:18,20,1,0
BRDA:18,21,0,1
BRDA:18,21,1,1
BRDA:19,22,0,1
BRDA:19,22,1,0
BRDA:19,23,0,1
BRDA:19,23,1,1
BRDA:20,24,0,1
BRDA:20,24,1,0
BRDA:20,25,0,1
BRDA:20,25,1,1
BRF:51
BRH:12
end_of_record
TN:
SF:src\product\dto\create-product.dto.ts
FNF:0
FNH:0
DA:2,0
DA:11,0
DA:12,0
DA:14,0
DA:18,0
DA:23,0
DA:28,0
DA:34,0
DA:39,0
DA:45,0
DA:51,0
LF:11
LH:0
BRDA:28,0,0,0
BRDA:28,0,1,0
BRDA:28,1,0,0
BRDA:28,1,1,0
BRF:4
BRH:0
end_of_record
TN:
SF:src\product\dto\update-product.dto.ts
FNF:0
FNH:0
DA:2,0
DA:3,0
DA:5,0
LF:3
LH:0
BRF:0
BRH:0
end_of_record
TN:
SF:src\system\system.controller.ts
FN:16,(anonymous_2)
FN:22,(anonymous_3)
FNF:2
FNH:0
FNDA:0,(anonymous_2)
FNDA:0,(anonymous_3)
DA:1,0
DA:2,0
DA:3,0
DA:4,0
DA:5,0
DA:6,0
DA:7,0
DA:15,0
DA:16,0
DA:22,0
DA:23,0
LF:11
LH:0
BRDA:16,0,0,0
BRDA:16,0,1,0
BRDA:16,1,0,0
BRDA:16,1,1,0
BRF:4
BRH:0
end_of_record
TN:
SF:src\user\user.controller.ts
FN:38,(anonymous_13)
FN:45,(anonymous_14)
FN:51,(anonymous_15)
FN:59,(anonymous_16)
FN:66,(anonymous_17)
FN:74,(anonymous_18)
FN:83,(anonymous_19)
FN:90,(anonymous_20)
FN:97,(anonymous_21)
FN:105,(anonymous_22)
FN:113,(anonymous_23)
FN:151,(anonymous_24)
FN:165,(anonymous_25)
FN:174,(anonymous_26)
FN:182,(anonymous_27)
FN:190,(anonymous_28)
FN:197,(anonymous_29)
FN:137,(anonymous_30)
FN:144,(anonymous_31)
FNF:19
FNH:1
FNDA:1,(anonymous_13)
FNDA:0,(anonymous_14)
FNDA:0,(anonymous_15)
FNDA:0,(anonymous_16)
FNDA:0,(anonymous_17)
FNDA:0,(anonymous_18)
FNDA:0,(anonymous_19)
FNDA:0,(anonymous_20)
FNDA:0,(anonymous_21)
FNDA:0,(anonymous_22)
FNDA:0,(anonymous_23)
FNDA:0,(anonymous_24)
FNDA:0,(anonymous_25)
FNDA:0,(anonymous_26)
FNDA:0,(anonymous_27)
FNDA:0,(anonymous_28)
FNDA:0,(anonymous_29)
FNDA:0,(anonymous_30)
FNDA:0,(anonymous_31)
DA:2,1
DA:18,1
DA:19,1
DA:20,1
DA:21,1
DA:22,1
DA:23,1
DA:24,1
DA:25,1
DA:26,1
DA:27,1
DA:28,1
DA:37,1
DA:38,1
DA:44,1
DA:45,0
DA:51,1
DA:52,0
DA:59,1
DA:60,0
DA:66,1
DA:67,0
DA:74,1
DA:75,0
DA:76,0
DA:83,1
DA:84,0
DA:90,1
DA:91,0
DA:97,1
DA:98,0
DA:105,1
DA:106,0
DA:113,1
DA:117,0
DA:138,0
DA:139,0
DA:140,0
DA:142,0
DA:145,0
DA:146,0
DA:147,0
DA:151,1
DA:155,0
DA:156,0
DA:158,0
DA:165,1
DA:166,0
DA:174,1
DA:175,0
DA:182,1
DA:183,0
DA:190,1
DA:191,0
DA:197,1
DA:198,0
LF:56
LH:30
BRDA:75,0,0,0
BRDA:75,0,1,0
BRDA:155,1,0,0
BRDA:155,1,1,0
BRDA:51,2,0,1
BRDA:51,2,1,0
BRDA:51,3,0,1
BRDA:51,3,1,1
BRDA:139,4,0,0
BRDA:139,4,1,0
BRDA:146,5,0,0
BRDA:146,5,1,0
BRDA:153,6,0,0
BRDA:153,6,1,1
BRDA:153,7,0,1
BRDA:153,7,1,0
BRDA:153,7,2,0
BRDA:45,8,0,1
BRDA:45,8,1,0
BRDA:45,9,0,1
BRDA:45,9,1,1
BRF:21
BRH:8
end_of_record
TN:
SF:src\user\user.module.ts
FN:15,(anonymous_1)
FN:22,(anonymous_2)
FN:28,(anonymous_3)
FNF:3
FNH:0
FNDA:0,(anonymous_1)
FNDA:0,(anonymous_2)
FNDA:0,(anonymous_3)
DA:2,0
DA:3,0
DA:4,0
DA:5,0
DA:6,0
DA:7,0
DA:8,0
DA:9,0
DA:16,0
DA:17,0
DA:18,0
DA:20,0
DA:23,0
DA:24,0
DA:25,0
DA:29,0
DA:30,0
DA:32,0
DA:43,0
LF:19
LH:0
BRDA:17,0,0,0
BRDA:17,0,1,0
BRDA:29,1,0,0
BRDA:29,1,1,0
BRF:4
BRH:0
end_of_record
TN:
SF:src\user\user.service.ts
FN:21,(anonymous_11)
FN:27,(anonymous_12)
FN:35,(anonymous_13)
FN:39,(anonymous_14)
FN:53,(anonymous_15)
FN:90,(anonymous_16)
FN:92,(anonymous_17)
FN:95,(anonymous_18)
FN:99,(anonymous_19)
FN:105,(anonymous_20)
FN:140,(anonymous_21)
FN:162,(anonymous_22)
FN:180,(anonymous_23)
FN:195,(anonymous_24)
FN:225,(anonymous_25)
FN:232,(anonymous_26)
FN:239,(anonymous_27)
FN:304,(anonymous_28)
FN:336,(anonymous_29)
FNF:19
FNH:0
FNDA:0,(anonymous_11)
FNDA:0,(anonymous_12)
FNDA:0,(anonymous_13)
FNDA:0,(anonymous_14)
FNDA:0,(anonymous_15)
FNDA:0,(anonymous_16)
FNDA:0,(anonymous_17)
FNDA:0,(anonymous_18)
FNDA:0,(anonymous_19)
FNDA:0,(anonymous_20)
FNDA:0,(anonymous_21)
FNDA:0,(anonymous_22)
FNDA:0,(anonymous_23)
FNDA:0,(anonymous_24)
FNDA:0,(anonymous_25)
FNDA:0,(anonymous_26)
FNDA:0,(anonymous_27)
FNDA:0,(anonymous_28)
FNDA:0,(anonymous_29)
DA:2,4
DA:10,4
DA:11,4
DA:12,4
DA:13,4
DA:14,4
DA:15,4
DA:16,4
DA:17,4
DA:20,4
DA:22,0
DA:23,0
DA:24,0
DA:30,0
DA:31,0
DA:32,0
DA:36,0
DA:40,0
DA:41,0
DA:42,0
DA:43,0
DA:45,0
DA:46,0
DA:49,0
DA:54,0
DA:55,0
DA:56,0
DA:58,0
DA:67,0
DA:72,0
DA:74,0
DA:75,0
DA:76,0
DA:77,0
DA:78,0
DA:79,0
DA:80,0
DA:81,0
DA:82,0
DA:86,0
DA:91,0
DA:92,0
DA:96,0
DA:100,0
DA:101,0
DA:102,0
DA:106,0
DA:107,0
DA:109,0
DA:110,0
DA:112,0
DA:113,0
DA:115,0
DA:116,0
DA:117,0
DA:118,0
DA:119,0
DA:121,0
DA:122,0
DA:125,0
DA:126,0
DA:130,0
DA:131,0
DA:133,0
DA:141,0
DA:142,0
DA:144,0
DA:145,0
DA:146,0
DA:148,0
DA:149,0
DA:153,0
DA:154,0
DA:156,0
DA:163,0
DA:164,0
DA:166,0
DA:167,0
DA:169,0
DA:174,0
DA:176,0
DA:177,0
DA:181,0
DA:182,0
DA:184,0
DA:189,0
DA:196,0
DA:197,0
DA:199,0
DA:207,0
DA:211,0
DA:221,0
DA:222,0
DA:226,0
DA:233,0
DA:240,0
DA:244,0
DA:246,0
DA:247,0
DA:248,0
DA:250,0
DA:251,0
DA:252,0
DA:256,0
DA:257,0
DA:266,0
DA:275,0
DA:276,0
DA:277,0
DA:282,0
DA:286,0
DA:293,0
DA:298,0
DA:301,0
DA:305,0
DA:306,0
DA:308,0
DA:316,0
DA:317,0
DA:321,0
DA:326,0
DA:330,0
DA:333,0
DA:337,0
DA:338,0
DA:340,0
DA:342,0
DA:355,0
DA:357,0
DA:358,0
DA:364,0
DA:368,0
LF:132
LH:10
BRDA:30,0,0,0
BRDA:30,0,1,0
BRDA:32,1,0,0
BRDA:32,1,1,0
BRDA:36,2,0,0
BRDA:36,2,1,0
BRDA:40,3,0,0
BRDA:40,3,1,0
BRDA:45,4,0,0
BRDA:45,4,1,0
BRDA:63,5,0,0
BRDA:63,5,1,0
BRDA:74,6,0,0
BRDA:74,6,1,0
BRDA:75,7,0,0
BRDA:75,7,1,0
BRDA:76,8,0,0
BRDA:76,8,1,0
BRDA:78,9,0,0
BRDA:78,9,1,0
BRDA:80,10,0,0
BRDA:80,10,1,0
BRDA:80,11,0,0
BRDA:80,11,1,0
BRDA:101,12,0,0
BRDA:101,12,1,0
BRDA:107,13,0,0
BRDA:107,13,1,0
BRDA:112,14,0,0
BRDA:112,14,1,0
BRDA:115,15,0,0
BRDA:115,15,1,0
BRDA:115,16,0,0
BRDA:115,16,1,0
BRDA:116,17,0,0
BRDA:116,17,1,0
BRDA:118,18,0,0
BRDA:118,18,1,0
BRDA:142,19,0,0
BRDA:142,19,1,0
BRDA:145,20,0,0
BRDA:145,20,1,0
BRDA:146,21,0,0
BRDA:146,21,1,0
BRDA:164,22,0,0
BRDA:164,22,1,0
BRDA:182,23,0,0
BRDA:182,23,1,0
BRDA:197,24,0,0
BRDA:197,24,1,0
BRDA:244,25,0,0
BRDA:244,25,1,0
BRDA:247,26,0,0
BRDA:247,26,1,0
BRDA:248,27,0,0
BRDA:248,27,1,0
BRDA:250,28,0,0
BRDA:250,28,1,0
BRDA:251,29,0,0
BRDA:251,29,1,0
BRDA:256,30,0,0
BRDA:256,30,1,0
BRDA:275,31,0,0
BRDA:275,31,1,0
BRDA:276,32,0,0
BRDA:276,32,1,0
BRDA:306,33,0,0
BRDA:306,33,1,0
BRDA:316,34,0,0
BRDA:316,34,1,0
BRDA:338,35,0,0
BRDA:338,35,1,0
BRDA:357,36,0,0
BRDA:357,36,1,0
BRDA:22,37,0,4
BRDA:22,37,1,0
BRDA:22,38,0,4
BRDA:22,38,1,4
BRDA:22,39,0,4
BRDA:22,39,1,0
BRDA:22,40,0,4
BRDA:22,40,1,4
BRDA:23,41,0,4
BRDA:23,41,1,0
BRDA:23,42,0,4
BRDA:23,42,1,4
BRF:86
BRH:9
end_of_record
TN:
SF:src\user\dto\create-user.dto.ts
FNF:0
FNH:0
DA:1,1
DA:11,1
DA:12,1
DA:14,1
DA:18,1
DA:27,1
DA:37,1
DA:42,1
DA:47,1
DA:52,1
LF:10
LH:10
BRDA:52,0,0,0
BRDA:52,0,1,1
BRDA:52,1,0,1
BRDA:52,1,1,1
BRF:4
BRH:3
end_of_record
TN:
SF:src\user\dto\update-user.dto.ts
FNF:0
FNH:0
DA:1,0
DA:9,0
DA:10,0
DA:12,0
DA:16,0
DA:23,0
DA:28,0
DA:33,0
DA:39,0
DA:45,0
DA:50,0
LF:11
LH:0
BRDA:50,0,0,0
BRDA:50,0,1,0
BRDA:50,1,0,0
BRDA:50,1,1,0
BRF:4
BRH:0
end_of_record
TN:
SF:src\user\entities\user.entity.ts
FN:24,(anonymous_2)
FNF:1
FNH:0
FNDA:0,(anonymous_2)
DA:3,4
DA:5,4
DA:19,4
DA:22,4
DA:25,0
LF:5
LH:4
BRF:0
BRH:0
end_of_record
